#
# There is insufficient memory for the Java Runtime Environment to continue.
# Native memory allocation (malloc) failed to allocate 295856 bytes for Chunk::new
# Possible reasons:
#   The system is out of physical RAM or swap space
#   The process is running with CompressedOops enabled, and the Java Heap may be blocking the growth of the native heap
# Possible solutions:
#   Reduce memory load on the system
#   Increase physical memory or swap space
#   Check if swap backing store is full
#   Decrease Java heap size (-Xmx/-Xms)
#   Decrease number of Java threads
#   Decrease Java thread stack sizes (-Xss)
#   Set larger code cache with -XX:ReservedCodeCacheSize=
#   JVM is running with Unscaled Compressed Oops mode in which the Java heap is
#     placed in the first 4GB address space. The Java Heap base address is the
#     maximum limit for the native heap growth. Please use -XX:HeapBaseMinAddress
#     to set the Java Heap base and to place the Java Heap above 4GB virtual address.
# This output file may be truncated or incomplete.
#
#  Out of Memory Error (allocation.cpp:389), pid=3812, tid=0x0000000000002860
#
# JRE version: Java(TM) SE Runtime Environment (8.0_211-b12) (build 1.8.0_211-b12)
# Java VM: Java HotSpot(TM) 64-Bit Server VM (25.211-b12 mixed mode windows-amd64 compressed oops)
# Failed to write core dump. Minidumps are not enabled by default on client versions of Windows
#

---------------  T H R E A D  ---------------

Current thread (0x00000000198f6000):  JavaThread "C2 CompilerThread1" daemon [_thread_in_native, id=10336, stack(0x0000000019e80000,0x0000000019f80000)]

Stack: [0x0000000019e80000,0x0000000019f80000]
[error occurred during error reporting (printing stack bounds), id 0xc0000005]

Native frames: (J=compiled Java code, j=interpreted, Vv=VM code, C=native code)


Current CompileTask:
C2: 308838 10672       4       java.net.URLClassLoader$1::run (5 bytes)


---------------  P R O C E S S  ---------------

Java Threads: ( => current thread )
  0x0000000023583000 JavaThread "DestroyJavaVM" [_thread_blocked, id=6608, stack(0x0000000002ad0000,0x0000000002bd0000)]
  0x0000000023586000 JavaThread "http-nio-8080-Acceptor-0" daemon [_thread_in_native, id=4564, stack(0x000000002d6a0000,0x000000002d7a0000)]
  0x000000002357f000 JavaThread "http-nio-8080-ClientPoller-1" daemon [_thread_in_native, id=8300, stack(0x000000002d1b0000,0x000000002d2b0000)]
  0x0000000023581800 JavaThread "http-nio-8080-ClientPoller-0" daemon [_thread_in_native, id=8416, stack(0x000000002d2c0000,0x000000002d3c0000)]
  0x0000000023585800 JavaThread "http-nio-8080-exec-10" daemon [_thread_blocked, id=9208, stack(0x000000002d0b0000,0x000000002d1b0000)]
  0x0000000023584800 JavaThread "http-nio-8080-exec-9" daemon [_thread_blocked, id=4984, stack(0x000000002cfb0000,0x000000002d0b0000)]
  0x0000000023582000 JavaThread "http-nio-8080-exec-8" daemon [_thread_blocked, id=7328, stack(0x000000002ceb0000,0x000000002cfb0000)]
  0x0000000023583800 JavaThread "http-nio-8080-exec-7" daemon [_thread_blocked, id=9660, stack(0x000000002cdb0000,0x000000002ceb0000)]
  0x000000001a3ba000 JavaThread "http-nio-8080-exec-6" daemon [_thread_blocked, id=7024, stack(0x000000002ccb0000,0x000000002cdb0000)]
  0x000000001c2c0800 JavaThread "http-nio-8080-exec-5" daemon [_thread_blocked, id=8616, stack(0x000000002cbb0000,0x000000002ccb0000)]
  0x000000001c2c5000 JavaThread "http-nio-8080-exec-4" daemon [_thread_blocked, id=11576, stack(0x000000002cab0000,0x000000002cbb0000)]
  0x000000001c2c3800 JavaThread "http-nio-8080-exec-3" daemon [_thread_blocked, id=4960, stack(0x000000002c9b0000,0x000000002cab0000)]
  0x000000001c2bf800 JavaThread "http-nio-8080-exec-2" daemon [_thread_blocked, id=7064, stack(0x000000002c8b0000,0x000000002c9b0000)]
  0x000000001c2c4000 JavaThread "http-nio-8080-exec-1" daemon [_thread_in_vm, id=8796, stack(0x000000002c500000,0x000000002c600000)]
  0x000000001c2c5800 JavaThread "NioBlockingSelector.BlockPoller-1" daemon [_thread_in_native, id=2444, stack(0x000000002bcb0000,0x000000002bdb0000)]
  0x000000001c2c2800 JavaThread "QuartzScheduler_quartzScheduler-NON_CLUSTERED_MisfireHandler" [_thread_blocked, id=8360, stack(0x0000000029d40000,0x0000000029e40000)]
  0x000000001c2c2000 JavaThread "quartzScheduler_QuartzSchedulerThread" [_thread_blocked, id=11740, stack(0x000000002b700000,0x000000002b800000)]
  0x000000001c2bf000 JavaThread "quartzScheduler_Worker-10" [_thread_blocked, id=7400, stack(0x000000002b600000,0x000000002b700000)]
  0x000000001995c000 JavaThread "quartzScheduler_Worker-9" [_thread_blocked, id=8812, stack(0x000000002b500000,0x000000002b600000)]
  0x000000001a3c8800 JavaThread "quartzScheduler_Worker-8" [_thread_blocked, id=5112, stack(0x000000002b400000,0x000000002b500000)]
  0x000000001a3c8000 JavaThread "quartzScheduler_Worker-7" [_thread_blocked, id=11060, stack(0x000000002b300000,0x000000002b400000)]
  0x000000001a3c3000 JavaThread "quartzScheduler_Worker-6" [_thread_blocked, id=7180, stack(0x000000002b200000,0x000000002b300000)]
  0x000000001a3c0000 JavaThread "quartzScheduler_Worker-5" [_thread_blocked, id=6132, stack(0x000000002b100000,0x000000002b200000)]
  0x000000001a3c5800 JavaThread "quartzScheduler_Worker-4" [_thread_blocked, id=7304, stack(0x000000002b000000,0x000000002b100000)]
  0x000000001a3c7000 JavaThread "quartzScheduler_Worker-3" [_thread_blocked, id=11964, stack(0x000000002aae0000,0x000000002abe0000)]
  0x000000001a3c6800 JavaThread "quartzScheduler_Worker-2" [_thread_blocked, id=5216, stack(0x000000002a9e0000,0x000000002aae0000)]
  0x000000001a3c5000 JavaThread "quartzScheduler_Worker-1" [_thread_blocked, id=10248, stack(0x000000002a8e0000,0x000000002a9e0000)]
  0x000000001a3c1000 JavaThread "SimplePauseDetectorThread_0" daemon [_thread_blocked, id=11984, stack(0x00000000291c0000,0x00000000292c0000)]
  0x000000001a3bc800 JavaThread "Thread-2" daemon [_thread_blocked, id=920, stack(0x00000000290c0000,0x00000000291c0000)]
  0x000000001a3bd000 JavaThread "container-0" [_thread_blocked, id=6012, stack(0x0000000027020000,0x0000000027120000)]
  0x000000001a3bb000 JavaThread "Catalina-utility-2" [_thread_blocked, id=8108, stack(0x0000000025ca0000,0x0000000025da0000)]
  0x000000001a3b9800 JavaThread "Catalina-utility-1" [_thread_blocked, id=9860, stack(0x000000001efc0000,0x000000001f0c0000)]
  0x000000001995f000 JavaThread "Druid-ConnectionPool-Destroy-523655718" daemon [_thread_blocked, id=1244, stack(0x0000000025950000,0x0000000025a50000)]
  0x000000001995d800 JavaThread "Druid-ConnectionPool-Create-523655718" daemon [_thread_blocked, id=7504, stack(0x000000001dab0000,0x000000001dbb0000)]
  0x0000000019958800 JavaThread "Abandoned connection cleanup thread" daemon [_thread_blocked, id=9848, stack(0x000000001c7e0000,0x000000001c8e0000)]
  0x000000001995d000 JavaThread "lettuce-eventExecutorLoop-1-1" daemon [_thread_blocked, id=11232, stack(0x000000001c4d0000,0x000000001c5d0000)]
  0x000000001990a800 JavaThread "Service Thread" daemon [_thread_blocked, id=4288, stack(0x000000001a080000,0x000000001a180000)]
  0x000000001995a000 JavaThread "C1 CompilerThread2" daemon [_thread_blocked, id=2648, stack(0x0000000019f80000,0x000000001a080000)]
=>0x00000000198f6000 JavaThread "C2 CompilerThread1" daemon [_thread_in_native, id=10336, stack(0x0000000019e80000,0x0000000019f80000)]
  0x00000000198f5000 JavaThread "C2 CompilerThread0" daemon [_thread_in_native, id=11636, stack(0x0000000019d80000,0x0000000019e80000)]
  0x000000001795c800 JavaThread "JDWP Command Reader" daemon [_thread_in_native, id=8476, stack(0x0000000019480000,0x0000000019580000)]
  0x0000000017959000 JavaThread "JDWP Event Helper Thread" daemon [_thread_blocked, id=3184, stack(0x0000000019380000,0x0000000019480000)]
  0x000000001794c800 JavaThread "JDWP Transport Listener: dt_socket" daemon [_thread_blocked, id=10328, stack(0x0000000019280000,0x0000000019380000)]
  0x0000000017941000 JavaThread "Attach Listener" daemon [_thread_blocked, id=5328, stack(0x0000000019180000,0x0000000019280000)]
  0x0000000018cc3800 JavaThread "Signal Dispatcher" daemon [_thread_blocked, id=7776, stack(0x0000000019080000,0x0000000019180000)]
  0x0000000002cce000 JavaThread "Finalizer" daemon [_thread_blocked, id=9876, stack(0x0000000018b80000,0x0000000018c80000)]
  0x00000000178e9000 JavaThread "Reference Handler" daemon [_thread_blocked, id=6836, stack(0x0000000018a80000,0x0000000018b80000)]

Other Threads:
  0x00000000178e7000 VMThread [stack: 0x0000000018980000,0x0000000018a80000] [id=11580]
  0x0000000019b41800 WatcherThread [stack: 0x000000001a180000,0x000000001a280000] [id=5688]

VM state:not at safepoint (normal execution)

VM Mutex/Monitor currently owned by a thread: None

heap address: 0x0000000081a00000, size: 2022 MB, Compressed Oops mode: 32-bit
Narrow klass base: 0x0000000000000000, Narrow klass shift: 3
Compressed class space size: 1073741824 Address: 0x0000000100000000

Heap:
 PSYoungGen      total 613888K, used 414090K [0x00000000d5e00000, 0x0000000100000000, 0x0000000100000000)
  eden space 590848K, 66% used [0x00000000d5e00000,0x00000000edbea820,0x00000000f9f00000)
  from space 23040K, 99% used [0x00000000f9f00000,0x00000000fb578020,0x00000000fb580000)
  to   space 32256K, 0% used [0x00000000fe080000,0x00000000fe080000,0x0000000100000000)
 ParOldGen       total 117248K, used 55185K [0x0000000081a00000, 0x0000000088c80000, 0x00000000d5e00000)
  object space 117248K, 47% used [0x0000000081a00000,0x0000000084fe4658,0x0000000088c80000)
 Metaspace       used 86771K, capacity 90182K, committed 90368K, reserved 1128448K
  class space    used 10595K, capacity 11185K, committed 11264K, reserved 1048576K

Card table byte_map: [0x00000000121a0000,0x00000000125a0000] byte_map_base: 0x0000000011d93000

Marking Bits: (ParMarkBitMap*) 0x0000000071235ce0
 Begin Bits: [0x0000000012c50000, 0x0000000014be8000)
 End Bits:   [0x0000000014be8000, 0x0000000016b80000)

Polling page: 0x0000000000c90000

CodeCache: size=245760Kb used=29368Kb max_used=30861Kb free=216391Kb
 bounds [0x0000000002de0000, 0x0000000004c60000, 0x0000000011de0000]
 total_blobs=9244 nmethods=8644 adapters=518
 compilation: enabled

Compilation events (10 events):
Event: 308.484 Thread 0x000000001995a000 10682       3       java.nio.CharBuffer::allocate (22 bytes)
Event: 308.484 Thread 0x000000001995a000 nmethod 10682 0x00000000037e1250 code [0x00000000037e13e0, 0x00000000037e1858]
Event: 308.485 Thread 0x000000001995a000 10683       3       java.nio.HeapCharBuffer::<init> (13 bytes)
Event: 308.486 Thread 0x000000001995a000 nmethod 10683 0x0000000003996b90 code [0x0000000003996d00, 0x0000000003996fc8]
Event: 308.490 Thread 0x000000001995a000 10685       3       java.lang.invoke.LambdaForm$Name::lastUseIndex (36 bytes)
Event: 308.490 Thread 0x000000001995a000 nmethod 10685 0x000000000401fc90 code [0x000000000401fe00, 0x00000000040200b0]
Event: 308.495 Thread 0x000000001995a000 10686       3       com.alibaba.druid.pool.DruidPooledStatement::checkOpen (50 bytes)
Event: 308.496 Thread 0x000000001995a000 nmethod 10686 0x00000000043fd890 code [0x00000000043fda40, 0x00000000043fde58]
Event: 308.715 Thread 0x000000001995a000 10688       3       java.util.Arrays::fill (28 bytes)
Event: 308.715 Thread 0x000000001995a000 nmethod 10688 0x0000000004961450 code [0x00000000049615c0, 0x0000000004961828]

GC Heap History (10 events):
Event: 16.919 GC heap before
{Heap before GC invocations=14 (full 2):
 PSYoungGen      total 363520K, used 285213K [0x00000000d5e00000, 0x00000000f5680000, 0x0000000100000000)
  eden space 348672K, 77% used [0x00000000d5e00000,0x00000000e660f2e8,0x00000000eb280000)
  from space 14848K, 99% used [0x00000000eb280000,0x00000000ec0f8440,0x00000000ec100000)
  to   space 19456K, 0% used [0x00000000f4380000,0x00000000f4380000,0x00000000f5680000)
 ParOldGen       total 77824K, used 25831K [0x0000000081a00000, 0x0000000086600000, 0x00000000d5e00000)
  object space 77824K, 33% used [0x0000000081a00000,0x0000000083339c00,0x0000000086600000)
 Metaspace       used 57999K, capacity 59880K, committed 60080K, reserved 1101824K
  class space    used 7311K, capacity 7652K, committed 7680K, reserved 1048576K
Event: 16.961 GC heap after
Heap after GC invocations=14 (full 2):
 PSYoungGen      total 480768K, used 11392K [0x00000000d5e00000, 0x00000000f4f00000, 0x0000000100000000)
  eden space 468992K, 0% used [0x00000000d5e00000,0x00000000d5e00000,0x00000000f2800000)
  from space 11776K, 96% used [0x00000000f4380000,0x00000000f4ea01c0,0x00000000f4f00000)
  to   space 19456K, 0% used [0x00000000f2900000,0x00000000f2900000,0x00000000f3c00000)
 ParOldGen       total 77824K, used 37147K [0x0000000081a00000, 0x0000000086600000, 0x00000000d5e00000)
  object space 77824K, 47% used [0x0000000081a00000,0x0000000083e46e28,0x0000000086600000)
 Metaspace       used 57999K, capacity 59880K, committed 60080K, reserved 1101824K
  class space    used 7311K, capacity 7652K, committed 7680K, reserved 1048576K
}
Event: 16.961 GC heap before
{Heap before GC invocations=15 (full 3):
 PSYoungGen      total 480768K, used 11392K [0x00000000d5e00000, 0x00000000f4f00000, 0x0000000100000000)
  eden space 468992K, 0% used [0x00000000d5e00000,0x00000000d5e00000,0x00000000f2800000)
  from space 11776K, 96% used [0x00000000f4380000,0x00000000f4ea01c0,0x00000000f4f00000)
  to   space 19456K, 0% used [0x00000000f2900000,0x00000000f2900000,0x00000000f3c00000)
 ParOldGen       total 77824K, used 37147K [0x0000000081a00000, 0x0000000086600000, 0x00000000d5e00000)
  object space 77824K, 47% used [0x0000000081a00000,0x0000000083e46e28,0x0000000086600000)
 Metaspace       used 57999K, capacity 59880K, committed 60080K, reserved 1101824K
  class space    used 7311K, capacity 7652K, committed 7680K, reserved 1048576K
Event: 17.281 GC heap after
Heap after GC invocations=15 (full 3):
 PSYoungGen      total 480768K, used 0K [0x00000000d5e00000, 0x00000000f4f00000, 0x0000000100000000)
  eden space 468992K, 0% used [0x00000000d5e00000,0x00000000d5e00000,0x00000000f2800000)
  from space 11776K, 0% used [0x00000000f4380000,0x00000000f4380000,0x00000000f4f00000)
  to   space 19456K, 0% used [0x00000000f2900000,0x00000000f2900000,0x00000000f3c00000)
 ParOldGen       total 117248K, used 38773K [0x0000000081a00000, 0x0000000088c80000, 0x00000000d5e00000)
  object space 117248K, 33% used [0x0000000081a00000,0x0000000083fdd410,0x0000000088c80000)
 Metaspace       used 57999K, capacity 59880K, committed 60080K, reserved 1101824K
  class space    used 7311K, capacity 7652K, committed 7680K, reserved 1048576K
}
Event: 33.022 GC heap before
{Heap before GC invocations=16 (full 3):
 PSYoungGen      total 480768K, used 468992K [0x00000000d5e00000, 0x00000000f4f00000, 0x0000000100000000)
  eden space 468992K, 100% used [0x00000000d5e00000,0x00000000f2800000,0x00000000f2800000)
  from space 11776K, 0% used [0x00000000f4380000,0x00000000f4380000,0x00000000f4f00000)
  to   space 19456K, 0% used [0x00000000f2900000,0x00000000f2900000,0x00000000f3c00000)
 ParOldGen       total 117248K, used 38773K [0x0000000081a00000, 0x0000000088c80000, 0x00000000d5e00000)
  object space 117248K, 33% used [0x0000000081a00000,0x0000000083fdd410,0x0000000088c80000)
 Metaspace       used 66814K, capacity 69030K, committed 69248K, reserved 1110016K
  class space    used 8334K, capacity 8757K, committed 8832K, reserved 1048576K
Event: 33.053 GC heap after
Heap after GC invocations=16 (full 3):
 PSYoungGen      total 489472K, used 16280K [0x00000000d5e00000, 0x00000000fcf00000, 0x0000000100000000)
  eden space 470016K, 0% used [0x00000000d5e00000,0x00000000d5e00000,0x00000000f2900000)
  from space 19456K, 83% used [0x00000000f2900000,0x00000000f38e63e8,0x00000000f3c00000)
  to   space 20992K, 0% used [0x00000000fba80000,0x00000000fba80000,0x00000000fcf00000)
 ParOldGen       total 117248K, used 38781K [0x0000000081a00000, 0x0000000088c80000, 0x00000000d5e00000)
  object space 117248K, 33% used [0x0000000081a00000,0x0000000083fdf410,0x0000000088c80000)
 Metaspace       used 66814K, capacity 69030K, committed 69248K, reserved 1110016K
  class space    used 8334K, capacity 8757K, committed 8832K, reserved 1048576K
}
Event: 35.113 GC heap before
{Heap before GC invocations=17 (full 3):
 PSYoungGen      total 489472K, used 486296K [0x00000000d5e00000, 0x00000000fcf00000, 0x0000000100000000)
  eden space 470016K, 100% used [0x00000000d5e00000,0x00000000f2900000,0x00000000f2900000)
  from space 19456K, 83% used [0x00000000f2900000,0x00000000f38e63e8,0x00000000f3c00000)
  to   space 20992K, 0% used [0x00000000fba80000,0x00000000fba80000,0x00000000fcf00000)
 ParOldGen       total 117248K, used 38781K [0x0000000081a00000, 0x0000000088c80000, 0x00000000d5e00000)
  object space 117248K, 33% used [0x0000000081a00000,0x0000000083fdf410,0x0000000088c80000)
 Metaspace       used 69193K, capacity 71488K, committed 71680K, reserved 1112064K
  class space    used 8468K, capacity 8904K, committed 8960K, reserved 1048576K
Event: 35.140 GC heap after
Heap after GC invocations=17 (full 3):
 PSYoungGen      total 608768K, used 17792K [0x00000000d5e00000, 0x00000000fcc00000, 0x0000000100000000)
  eden space 590848K, 0% used [0x00000000d5e00000,0x00000000d5e00000,0x00000000f9f00000)
  from space 17920K, 99% used [0x00000000fba80000,0x00000000fcbe0090,0x00000000fcc00000)
  to   space 23040K, 0% used [0x00000000f9f00000,0x00000000f9f00000,0x00000000fb580000)
 ParOldGen       total 117248K, used 38789K [0x0000000081a00000, 0x0000000088c80000, 0x00000000d5e00000)
  object space 117248K, 33% used [0x0000000081a00000,0x0000000083fe1410,0x0000000088c80000)
 Metaspace       used 69193K, capacity 71488K, committed 71680K, reserved 1112064K
  class space    used 8468K, capacity 8904K, committed 8960K, reserved 1048576K
}
Event: 39.780 GC heap before
{Heap before GC invocations=18 (full 3):
 PSYoungGen      total 608768K, used 608640K [0x00000000d5e00000, 0x00000000fcc00000, 0x0000000100000000)
  eden space 590848K, 100% used [0x00000000d5e00000,0x00000000f9f00000,0x00000000f9f00000)
  from space 17920K, 99% used [0x00000000fba80000,0x00000000fcbe0090,0x00000000fcc00000)
  to   space 23040K, 0% used [0x00000000f9f00000,0x00000000f9f00000,0x00000000fb580000)
 ParOldGen       total 117248K, used 38789K [0x0000000081a00000, 0x0000000088c80000, 0x00000000d5e00000)
  object space 117248K, 33% used [0x0000000081a00000,0x0000000083fe1410,0x0000000088c80000)
 Metaspace       used 76941K, capacity 79782K, committed 79872K, reserved 1120256K
  class space    used 9209K, capacity 9713K, committed 9728K, reserved 1048576K
Event: 39.841 GC heap after
Heap after GC invocations=18 (full 3):
 PSYoungGen      total 613888K, used 23008K [0x00000000d5e00000, 0x0000000100000000, 0x0000000100000000)
  eden space 590848K, 0% used [0x00000000d5e00000,0x00000000d5e00000,0x00000000f9f00000)
  from space 23040K, 99% used [0x00000000f9f00000,0x00000000fb578020,0x00000000fb580000)
  to   space 32256K, 0% used [0x00000000fe080000,0x00000000fe080000,0x0000000100000000)
 ParOldGen       total 117248K, used 55185K [0x0000000081a00000, 0x0000000088c80000, 0x00000000d5e00000)
  object space 117248K, 47% used [0x0000000081a00000,0x0000000084fe4658,0x0000000088c80000)
 Metaspace       used 76941K, capacity 79782K, committed 79872K, reserved 1120256K
  class space    used 9209K, capacity 9713K, committed 9728K, reserved 1048576K
}

Deoptimization events (10 events):
Event: 308.817 Thread 0x000000001c2c4000 Uncommon trap: reason=unhandled action=none pc=0x0000000003cc81f0 method=java.net.URLClassLoader.findClass(Ljava/lang/String;)Ljava/lang/Class; @ 44
Event: 308.819 Thread 0x000000001c2c4000 Uncommon trap: reason=unhandled action=none pc=0x0000000003cc81f0 method=java.net.URLClassLoader.findClass(Ljava/lang/String;)Ljava/lang/Class; @ 44
Event: 308.821 Thread 0x000000001c2c4000 Uncommon trap: reason=unhandled action=none pc=0x0000000003cc81f0 method=java.net.URLClassLoader.findClass(Ljava/lang/String;)Ljava/lang/Class; @ 44
Event: 308.825 Thread 0x000000001c2c4000 Uncommon trap: reason=unhandled action=none pc=0x0000000003cc81f0 method=java.net.URLClassLoader.findClass(Ljava/lang/String;)Ljava/lang/Class; @ 44
Event: 308.826 Thread 0x000000001c2c4000 Uncommon trap: reason=unhandled action=none pc=0x0000000003cc81f0 method=java.net.URLClassLoader.findClass(Ljava/lang/String;)Ljava/lang/Class; @ 44
Event: 308.827 Thread 0x000000001c2c4000 Uncommon trap: reason=unhandled action=none pc=0x0000000003cc81f0 method=java.net.URLClassLoader.findClass(Ljava/lang/String;)Ljava/lang/Class; @ 44
Event: 308.828 Thread 0x000000001c2c4000 Uncommon trap: reason=unhandled action=none pc=0x0000000003cc81f0 method=java.net.URLClassLoader.findClass(Ljava/lang/String;)Ljava/lang/Class; @ 44
Event: 308.829 Thread 0x000000001c2c4000 Uncommon trap: reason=unhandled action=none pc=0x0000000003cc81f0 method=java.net.URLClassLoader.findClass(Ljava/lang/String;)Ljava/lang/Class; @ 44
Event: 308.830 Thread 0x000000001c2c4000 Uncommon trap: reason=unhandled action=none pc=0x0000000003cc81f0 method=java.net.URLClassLoader.findClass(Ljava/lang/String;)Ljava/lang/Class; @ 44
Event: 308.834 Thread 0x000000001c2c4000 Uncommon trap: reason=unhandled action=none pc=0x0000000003cc81f0 method=java.net.URLClassLoader.findClass(Ljava/lang/String;)Ljava/lang/Class; @ 44

Classes redefined (0 events):
No events

Internal exceptions (10 events):
Event: 42.672 Thread 0x0000000002bd9800 Exception <a 'java/lang/ArrayIndexOutOfBoundsException': 97> (0x00000000e8b68600) thrown at [C:\re\workspace\8-2-build-windows-amd64-cygwin\jdk8u211\12973\hotspot\src\share\vm\interpreter\interpreterRuntime.cpp, line 368]
Event: 42.672 Thread 0x0000000002bd9800 Exception <a 'java/lang/ArrayIndexOutOfBoundsException': 97> (0x00000000e8b6b0b8) thrown at [C:\re\workspace\8-2-build-windows-amd64-cygwin\jdk8u211\12973\hotspot\src\share\vm\interpreter\interpreterRuntime.cpp, line 368]
Event: 42.672 Thread 0x0000000002bd9800 Exception <a 'java/lang/ArrayIndexOutOfBoundsException': 116> (0x00000000e8b6d7b0) thrown at [C:\re\workspace\8-2-build-windows-amd64-cygwin\jdk8u211\12973\hotspot\src\share\vm\interpreter\interpreterRuntime.cpp, line 368]
Event: 42.672 Thread 0x0000000002bd9800 Exception <a 'java/lang/ArrayIndexOutOfBoundsException': 97> (0x00000000e8b6f230) thrown at [C:\re\workspace\8-2-build-windows-amd64-cygwin\jdk8u211\12973\hotspot\src\share\vm\interpreter\interpreterRuntime.cpp, line 368]
Event: 42.673 Thread 0x0000000002bd9800 Exception <a 'java/lang/ArrayIndexOutOfBoundsException': 80> (0x00000000e8b71610) thrown at [C:\re\workspace\8-2-build-windows-amd64-cygwin\jdk8u211\12973\hotspot\src\share\vm\interpreter\interpreterRuntime.cpp, line 368]
Event: 42.673 Thread 0x0000000002bd9800 Exception <a 'java/lang/ArrayIndexOutOfBoundsException': 247> (0x00000000e8b74dc0) thrown at [C:\re\workspace\8-2-build-windows-amd64-cygwin\jdk8u211\12973\hotspot\src\share\vm\interpreter\interpreterRuntime.cpp, line 368]
Event: 42.673 Thread 0x0000000002bd9800 Exception <a 'java/lang/ArrayIndexOutOfBoundsException': 72> (0x00000000e8b787b0) thrown at [C:\re\workspace\8-2-build-windows-amd64-cygwin\jdk8u211\12973\hotspot\src\share\vm\interpreter\interpreterRuntime.cpp, line 368]
Event: 42.673 Thread 0x0000000002bd9800 Exception <a 'java/lang/ArrayIndexOutOfBoundsException': 72> (0x00000000e8b7aae0) thrown at [C:\re\workspace\8-2-build-windows-amd64-cygwin\jdk8u211\12973\hotspot\src\share\vm\interpreter\interpreterRuntime.cpp, line 368]
Event: 42.715 Thread 0x0000000002bd9800 Implicit null exception at 0x0000000003dcfd6f to 0x0000000003dcfe55
Event: 308.258 Thread 0x000000001c2c4000 Exception <a 'java/lang/ArrayIndexOutOfBoundsException': 123> (0x00000000ebdb7bb0) thrown at [C:\re\workspace\8-2-build-windows-amd64-cygwin\jdk8u211\12973\hotspot\src\share\vm\interpreter\interpreterRuntime.cpp, line 368]

Events (10 events):
Event: 308.830 loading class org/apache/xerces/impl/xs/opti/DefaultXMLDocumentHandler
Event: 308.830 loading class org/apache/xerces/impl/xs/opti/DefaultXMLDocumentHandler done
Event: 308.830 Thread 0x000000001c2c4000 Uncommon trap: trap_request=0xffffffa7 fr.pc=0x0000000003cc81f0
Event: 308.830 Thread 0x000000001c2c4000 DEOPT PACKING pc=0x0000000003cc81f0 sp=0x000000002c5f57c0
Event: 308.830 Thread 0x000000001c2c4000 DEOPT UNPACKING pc=0x0000000002e2583b sp=0x000000002c5f5610 mode 2
Event: 308.833 loading class org/apache/xerces/impl/xs/opti/SchemaParsingConfig
Event: 308.833 loading class org/apache/xerces/impl/xs/opti/SchemaParsingConfig done
Event: 308.834 Thread 0x000000001c2c4000 Uncommon trap: trap_request=0xffffffa7 fr.pc=0x0000000003cc81f0
Event: 308.834 Thread 0x000000001c2c4000 DEOPT PACKING pc=0x0000000003cc81f0 sp=0x000000002c5f7c90
Event: 308.834 Thread 0x000000001c2c4000 DEOPT UNPACKING pc=0x0000000002e2583b sp=0x000000002c5f7ae0 mode 2


Dynamic libraries:
0x00007ff7c9680000 - 0x00007ff7c96b7000 	E:\Program\Java\jre1.8.0_211\bin\javaw.exe
0x00007ff887ac0000 - 0x00007ff887cb0000 	C:\Windows\SYSTEM32\ntdll.dll
0x00007ff886d20000 - 0x00007ff886dd2000 	C:\Windows\System32\KERNEL32.DLL
0x00007ff885860000 - 0x00007ff885b03000 	C:\Windows\System32\KERNELBASE.dll
0x00007ff887890000 - 0x00007ff887933000 	C:\Windows\System32\ADVAPI32.dll
0x00007ff887740000 - 0x00007ff8877de000 	C:\Windows\System32\msvcrt.dll
0x00007ff886120000 - 0x00007ff8861b7000 	C:\Windows\System32\sechost.dll
0x00007ff885ec0000 - 0x00007ff885fe0000 	C:\Windows\System32\RPCRT4.dll
0x00007ff886e60000 - 0x00007ff886ff3000 	C:\Windows\System32\USER32.dll
0x00007ff884ba0000 - 0x00007ff884bc1000 	C:\Windows\System32\win32u.dll
0x00007ff887000000 - 0x00007ff887026000 	C:\Windows\System32\GDI32.dll
0x00007ff884df0000 - 0x00007ff884f84000 	C:\Windows\System32\gdi32full.dll
0x00007ff884cd0000 - 0x00007ff884d6e000 	C:\Windows\System32\msvcp_win.dll
0x00007ff884a50000 - 0x00007ff884b4a000 	C:\Windows\System32\ucrtbase.dll
0x00007ff873a10000 - 0x00007ff873c95000 	C:\Windows\WinSxS\amd64_microsoft.windows.common-controls_6595b64144ccf1df_6.0.18362.295_none_e6c3acbd13101292\COMCTL32.dll
0x00007ff885b80000 - 0x00007ff885eb6000 	C:\Windows\System32\combase.dll
0x00007ff884d70000 - 0x00007ff884df0000 	C:\Windows\System32\bcryptPrimitives.dll
0x00007ff887710000 - 0x00007ff88773e000 	C:\Windows\System32\IMM32.DLL
0x00000000705e0000 - 0x00000000706b2000 	E:\Program\Java\jre1.8.0_211\bin\msvcr100.dll
0x0000000070a10000 - 0x00000000712b5000 	E:\Program\Java\jre1.8.0_211\bin\server\jvm.dll
0x00007ff885b70000 - 0x00007ff885b78000 	C:\Windows\System32\PSAPI.DLL
0x00007ff8717e0000 - 0x00007ff8717e9000 	C:\Windows\SYSTEM32\WSOCK32.dll
0x00007ff882a30000 - 0x00007ff882a54000 	C:\Windows\SYSTEM32\WINMM.dll
0x00007ff8791e0000 - 0x00007ff8791ea000 	C:\Windows\SYSTEM32\VERSION.dll
0x00007ff8874e0000 - 0x00007ff88754f000 	C:\Windows\System32\WS2_32.dll
0x00007ff882a00000 - 0x00007ff882a2d000 	C:\Windows\SYSTEM32\winmmbase.dll
0x00007ff884b50000 - 0x00007ff884b9a000 	C:\Windows\System32\cfgmgr32.dll
0x00007ff870970000 - 0x00007ff87097f000 	E:\Program\Java\jre1.8.0_211\bin\verify.dll
0x00007ff855570000 - 0x00007ff855599000 	E:\Program\Java\jre1.8.0_211\bin\java.dll
0x00007ff87d9e0000 - 0x00007ff87da15000 	E:\Program\Java\jre1.8.0_211\bin\jdwp.dll
0x00007ff882b20000 - 0x00007ff882b28000 	E:\Program\Java\jre1.8.0_211\bin\npt.dll
0x00007ff855540000 - 0x00007ff855563000 	E:\Program\Java\jre1.8.0_211\bin\instrument.dll
0x00007ff862760000 - 0x00007ff862776000 	E:\Program\Java\jre1.8.0_211\bin\zip.dll
0x00007ff886630000 - 0x00007ff886d12000 	C:\Windows\System32\SHELL32.dll
0x00007ff8872a0000 - 0x00007ff887349000 	C:\Windows\System32\shcore.dll
0x00007ff884f90000 - 0x00007ff88570c000 	C:\Windows\System32\windows.storage.dll
0x00007ff884a30000 - 0x00007ff884a4f000 	C:\Windows\System32\profapi.dll
0x00007ff8849a0000 - 0x00007ff8849ea000 	C:\Windows\System32\powrprof.dll
0x00007ff884990000 - 0x00007ff8849a0000 	C:\Windows\System32\UMPDC.dll
0x00007ff8873b0000 - 0x00007ff887402000 	C:\Windows\System32\shlwapi.dll
0x00007ff8849f0000 - 0x00007ff884a01000 	C:\Windows\System32\kernel.appcore.dll
0x00007ff884c00000 - 0x00007ff884c17000 	C:\Windows\System32\cryptsp.dll
0x00007ff882b00000 - 0x00007ff882b09000 	E:\Program\Java\jre1.8.0_211\bin\dt_socket.dll
0x00007ff87e700000 - 0x00007ff87e716000 	C:\Windows\system32\napinsp.dll
0x00007ff87e6e0000 - 0x00007ff87e6fa000 	C:\Windows\system32\pnrpnsp.dll
0x00007ff884150000 - 0x00007ff8841b7000 	C:\Windows\System32\mswsock.dll
0x00007ff883eb0000 - 0x00007ff883f7a000 	C:\Windows\SYSTEM32\DNSAPI.dll
0x00007ff887700000 - 0x00007ff887708000 	C:\Windows\System32\NSI.dll
0x00007ff883e70000 - 0x00007ff883eaa000 	C:\Windows\SYSTEM32\IPHLPAPI.DLL
0x00007ff87edf0000 - 0x00007ff87edfe000 	C:\Windows\System32\winrnr.dll
0x00007ff881190000 - 0x00007ff8811ac000 	C:\Windows\system32\NLAapi.dll
0x00007ff87fc80000 - 0x00007ff87fc95000 	C:\Windows\system32\wshbth.dll
0x00007ff878d00000 - 0x00007ff878d77000 	C:\Windows\System32\fwpuclnt.dll
0x00007ff884bd0000 - 0x00007ff884bf6000 	C:\Windows\System32\bcrypt.dll
0x00007ff878dc0000 - 0x00007ff878dca000 	C:\Windows\System32\rasadhlp.dll
0x00007ff882ac0000 - 0x00007ff882acd000 	E:\Program\Java\jre1.8.0_211\bin\management.dll
0x00007ff85b180000 - 0x00007ff85b19a000 	E:\Program\Java\jre1.8.0_211\bin\net.dll
0x00007ff875a50000 - 0x00007ff875c26000 	C:\Windows\SYSTEM32\urlmon.dll
0x00007ff875fa0000 - 0x00007ff876246000 	C:\Windows\SYSTEM32\iertutil.dll
0x00007ff8842d0000 - 0x00007ff8842dc000 	C:\Windows\SYSTEM32\CRYPTBASE.DLL
0x00007ff85b160000 - 0x00007ff85b172000 	E:\Program\Java\jre1.8.0_211\bin\nio.dll
0x00007ff87e940000 - 0x00007ff87e964000 	E:\Program\Java\jre1.8.0_211\bin\sunec.dll
0x00007ff8791a0000 - 0x00007ff8791b6000 	C:\Windows\SYSTEM32\dhcpcsvc6.DLL
0x00007ff8790e0000 - 0x00007ff8790fc000 	C:\Windows\SYSTEM32\dhcpcsvc.DLL
0x00007ff883cd0000 - 0x00007ff883d03000 	C:\Windows\system32\rsaenh.dll
0x00007ff8848b0000 - 0x00007ff8848d5000 	C:\Windows\SYSTEM32\USERENV.dll

VM Arguments:
jvm_args: -agentlib:jdwp=transport=dt_socket,suspend=y,address=localhost:54152 -javaagent:E:\Program\jee-2019-06\eclipse\configuration\org.eclipse.osgi\430\0\.cp\lib\javaagent-shaded.jar -Dfile.encoding=UTF-8 
java_command: org.jeecg.JeecgApplication
java_class_path (initial): E:\Project\jeecg\jeecg-boot-master\jeecg-boot\jeecg-boot-module-system\target\classes;E:\Project\jeecg\jeecg-boot-master\jeecg-boot\jeecg-boot-base-common\target\classes;C:\Users\Ming\.m2\repository\org\activiti\activiti-engine\5.22.0\activiti-engine-5.22.0.jar;C:\Users\Ming\.m2\repository\org\activiti\activiti-bpmn-converter\5.22.0\activiti-bpmn-converter-5.22.0.jar;C:\Users\Ming\.m2\repository\org\activiti\activiti-bpmn-model\5.22.0\activiti-bpmn-model-5.22.0.jar;C:\Users\Ming\.m2\repository\org\activiti\activiti-process-validation\5.22.0\activiti-process-validation-5.22.0.jar;C:\Users\Ming\.m2\repository\org\activiti\activiti-image-generator\5.22.0\activiti-image-generator-5.22.0.jar;C:\Users\Ming\.m2\repository\org\apache\commons\commons-email\1.4\commons-email-1.4.jar;C:\Users\Ming\.m2\repository\javax\activation\activation\1.1.1\activation-1.1.1.jar;C:\Users\Ming\.m2\repository\org\apache\commons\commons-lang3\3.8.1\commons-lang3-3.8.1.jar;C:\Users\Ming\.m2\repository\org\springframework\spring-beans\5.1.5.RELEASE\spring-beans-5.1.5.RELEASE.jar;C:\Users\Ming\.m2\repository\joda-time\joda-time\2.10.1\joda-time-2.10.1.jar;C:\Users\Ming\.m2\repository\org\slf4j\slf4j-api\1.7.25\slf4j-api-1.7.25.jar;C:\Users\Ming\.m2\repository\org\slf4j\jcl-over-slf4j\1.7.25\jcl-over-slf4j-1.7.25.jar;C:\Users\Ming\.m2\repository\org\activiti\activiti-spring\5.22.0\activiti-spring-5.22.0.jar;C:\Users\Ming\.m2\repository\org\springframework\spring-context\5.1.5.RELEASE\spring-context-5.1.5.RELEASE.jar;C:\Users\Ming\.m2\repository\org\springframework\spring-expression\5.1.5.RELEASE\spring-expression-5.1.5.RELEASE.jar;C:\Users\Ming\.m2\repository\org\springframework\spring-jdbc\5.1.5.RELEASE\spring-jdbc-5.1.5.RELEASE.jar;C:\Users\Ming\.m2\repository\org\springframework\spring-tx\5.1.5.RELEASE\spring-tx-5.1.5.RELEASE.jar;C:\Users\Ming\.m2\repository\org\springframework\spring-orm\5.1.5.RELEASE\spring-orm-5.1.5.RELEASE.jar;C:\Users\Ming\.m2\repository\commo
Launcher Type: SUN_STANDARD

Environment Variables:
JAVA_HOME=E:\Program\Java\jdk1.8.0_211
JRE_HOME=E:\Program\Java\jre1.8.0_211
PATH=E:/Program/Java/jre1.8.0_211/bin/server;E:/Program/Java/jre1.8.0_211/bin;E:/Program/Java/jre1.8.0_211/lib/amd64;C:\Program Files (x86)\Common Files\Oracle\Java\javapath;C:\ProgramData\DockerDesktop\version-bin;C:\Program Files\Docker\Docker\Resources\bin;C:\Windows\system32;C:\Windows;C:\Windows\System32\Wbem;C:\Windows\System32\WindowsPowerShell\v1.0\;C:\Windows\System32\OpenSSH\;E:\Tools\PuTTY\;E:\Program\apache-maven-3.6.1\bin;E:\VCS\TortoiseSVN\bin;E:\VCS\Git\cmd;E:\Program\Java\jdk1.8.0_211\bin;E:\Program\zookeeper\bin;E:\Program\kafka\bin\windows;E:\Program\nodejs\;E:\Program\Yarn\bin\;E:\Program\Python27;E:\Program\Redis\;C:\Users\Ming\AppData\Roaming\npm;C:\Users\Ming\AppData\Local\Yarn\bin;;E:\Program\jee-2019-06\eclipse;
USERNAME=Ming
OS=Windows_NT
PROCESSOR_IDENTIFIER=Intel64 Family 6 Model 78 Stepping 3, GenuineIntel



---------------  S Y S T E M  ---------------

OS: Windows 10.0 , 64 bit Build 18362 (10.0.18362.86)

CPU:total 4 (initial active 4) (2 cores per cpu, 2 threads per core) family 6 model 78 stepping 3, cmov, cx8, fxsr, mmx, sse, sse2, sse3, ssse3, sse4.1, sse4.2, popcnt, avx, avx2, aes, clmul, erms, 3dnowpref, lzcnt, ht, tsc, tscinvbit, bmi1, bmi2, adx

Memory: 4k page, physical 8281888k(1069420k free), swap 8793888k(5512k free)

vm_info: Java HotSpot(TM) 64-Bit Server VM (25.211-b12) for windows-amd64 JRE (1.8.0_211-b12), built on Apr  1 2019 20:53:26 by "java_re" with MS VC++ 10.0 (VS2010)

time: Mon Aug 26 22:45:43 2019
timezone: 中国标准时间
elapsed time: 308 seconds (0d 0h 5m 8s)

