#
# There is insufficient memory for the Java Runtime Environment to continue.
# Native memory allocation (malloc) failed to allocate 221296 bytes for Chunk::new
# Possible reasons:
#   The system is out of physical RAM or swap space
#   The process is running with CompressedOops enabled, and the Java Heap may be blocking the growth of the native heap
# Possible solutions:
#   Reduce memory load on the system
#   Increase physical memory or swap space
#   Check if swap backing store is full
#   Decrease Java heap size (-Xmx/-Xms)
#   Decrease number of Java threads
#   Decrease Java thread stack sizes (-Xss)
#   Set larger code cache with -XX:ReservedCodeCacheSize=
#   JVM is running with Unscaled Compressed Oops mode in which the Java heap is
#     placed in the first 4GB address space. The Java Heap base address is the
#     maximum limit for the native heap growth. Please use -XX:HeapBaseMinAddress
#     to set the Java Heap base and to place the Java Heap above 4GB virtual address.
# This output file may be truncated or incomplete.
#
#  Out of Memory Error (allocation.cpp:389), pid=9580, tid=0x000000000000313c
#
# JRE version: Java(TM) SE Runtime Environment (8.0_211-b12) (build 1.8.0_211-b12)
# Java VM: Java HotSpot(TM) 64-Bit Server VM (25.211-b12 mixed mode windows-amd64 compressed oops)
# Failed to write core dump. Minidumps are not enabled by default on client versions of Windows
#

---------------  T H R E A D  ---------------

Current thread (0x0000000017428800):  JavaThread "C2 CompilerThread1" daemon [_thread_in_native, id=12604, stack(0x0000000018e50000,0x0000000018f50000)]

Stack: [0x0000000018e50000,0x0000000018f50000]
[error occurred during error reporting (printing stack bounds), id 0xc0000005]

Native frames: (J=compiled Java code, j=interpreted, Vv=VM code, C=native code)


Current CompileTask:
C2:  31671 1425       4       org.springframework.boot.context.properties.source.ConfigurationPropertyName$ElementsParser::parse (234 bytes)


---------------  P R O C E S S  ---------------

Java Threads: ( => current thread )
  0x0000000019d93000 JavaThread "background-preinit" [_thread_in_vm, id=12356, stack(0x000000001aad0000,0x000000001abd0000)]
  0x000000001745e800 JavaThread "Service Thread" daemon [_thread_blocked, id=3632, stack(0x0000000019050000,0x0000000019150000)]
  0x0000000017459000 JavaThread "C1 CompilerThread2" daemon [_thread_blocked, id=9944, stack(0x0000000018f50000,0x0000000019050000)]
=>0x0000000017428800 JavaThread "C2 CompilerThread1" daemon [_thread_in_native, id=12604, stack(0x0000000018e50000,0x0000000018f50000)]
  0x0000000017421800 JavaThread "C2 CompilerThread0" daemon [_thread_in_native, id=984, stack(0x0000000018d50000,0x0000000018e50000)]
  0x0000000017420800 JavaThread "Attach Listener" daemon [_thread_blocked, id=13236, stack(0x0000000018c50000,0x0000000018d50000)]
  0x0000000018793800 JavaThread "Signal Dispatcher" daemon [_thread_blocked, id=7428, stack(0x0000000018b50000,0x0000000018c50000)]
  0x00000000173f0000 JavaThread "Finalizer" daemon [_thread_blocked, id=12568, stack(0x0000000018650000,0x0000000018750000)]
  0x00000000173c9000 JavaThread "Reference Handler" daemon [_thread_blocked, id=4588, stack(0x0000000018550000,0x0000000018650000)]
  0x00000000027c8000 JavaThread "main" [_thread_in_vm, id=8316, stack(0x0000000002600000,0x0000000002700000)]

Other Threads:
  0x00000000173c7800 VMThread [stack: 0x0000000018450000,0x0000000018550000] [id=9912]
  0x0000000018807000 WatcherThread [stack: 0x0000000019150000,0x0000000019250000] [id=7376]

VM state:not at safepoint (normal execution)

VM Mutex/Monitor currently owned by a thread: None

heap address: 0x0000000081a00000, size: 2022 MB, Compressed Oops mode: 32-bit
Narrow klass base: 0x0000000000000000, Narrow klass shift: 3
Compressed class space size: 1073741824 Address: 0x0000000100000000

Heap:
 PSYoungGen      total 38400K, used 29478K [0x00000000d5e00000, 0x00000000d8880000, 0x0000000100000000)
  eden space 33280K, 73% used [0x00000000d5e00000,0x00000000d75ca448,0x00000000d7e80000)
  from space 5120K, 99% used [0x00000000d7e80000,0x00000000d837f400,0x00000000d8380000)
  to   space 5120K, 0% used [0x00000000d8380000,0x00000000d8380000,0x00000000d8880000)
 ParOldGen       total 87552K, used 2460K [0x0000000081a00000, 0x0000000086f80000, 0x00000000d5e00000)
  object space 87552K, 2% used [0x0000000081a00000,0x0000000081c67380,0x0000000086f80000)
 Metaspace       used 18419K, capacity 18906K, committed 19200K, reserved 1067008K
  class space    used 2398K, capacity 2545K, committed 2560K, reserved 1048576K

Card table byte_map: [0x0000000011c80000,0x0000000012080000] byte_map_base: 0x0000000011873000

Marking Bits: (ParMarkBitMap*) 0x000000006a9b5ce0
 Begin Bits: [0x0000000012730000, 0x00000000146c8000)
 End Bits:   [0x00000000146c8000, 0x0000000016660000)

Polling page: 0x0000000000540000

CodeCache: size=245760Kb used=4347Kb max_used=4347Kb free=241412Kb
 bounds [0x00000000028c0000, 0x0000000002d10000, 0x00000000118c0000]
 total_blobs=1729 nmethods=1376 adapters=265
 compilation: enabled

Compilation events (10 events):
Event: 31.666 Thread 0x0000000017459000 nmethod 1440 0x0000000002cfb050 code [0x0000000002cfb200, 0x0000000002cfb778]
Event: 31.666 Thread 0x0000000017459000 1442       3       java.lang.invoke.MethodHandleNatives::findMethodHandleType (7 bytes)
Event: 31.667 Thread 0x0000000017459000 nmethod 1442 0x0000000002cfac10 code [0x0000000002cfad80, 0x0000000002cfaee8]
Event: 31.667 Thread 0x0000000017459000 1444       3       java.util.Collections$UnmodifiableCollection::<init> (22 bytes)
Event: 31.667 Thread 0x0000000017459000 nmethod 1444 0x0000000002cfce50 code [0x0000000002cfcfc0, 0x0000000002cfd288]
Event: 31.669 Thread 0x0000000017459000 1445       3       java.lang.StringBuilder::charAt (6 bytes)
Event: 31.669 Thread 0x0000000017459000 nmethod 1445 0x0000000002cfc850 code [0x0000000002cfc9c0, 0x0000000002cfcca8]
Event: 31.669 Thread 0x0000000017459000 1447       3       org.springframework.util.StringUtils::substringMatch (60 bytes)
Event: 31.670 Thread 0x0000000017459000 nmethod 1447 0x0000000002d000d0 code [0x0000000002d00280, 0x0000000002d008e8]
Event: 31.670 Thread 0x0000000017459000 1446       3       java.lang.AbstractStringBuilder::charAt (28 bytes)

GC Heap History (6 events):
Event: 30.594 GC heap before
{Heap before GC invocations=1 (full 0):
 PSYoungGen      total 38400K, used 33280K [0x00000000d5e00000, 0x00000000d8880000, 0x0000000100000000)
  eden space 33280K, 100% used [0x00000000d5e00000,0x00000000d7e80000,0x00000000d7e80000)
  from space 5120K, 0% used [0x00000000d8380000,0x00000000d8380000,0x00000000d8880000)
  to   space 5120K, 0% used [0x00000000d7e80000,0x00000000d7e80000,0x00000000d8380000)
 ParOldGen       total 87552K, used 0K [0x0000000081a00000, 0x0000000086f80000, 0x00000000d5e00000)
  object space 87552K, 0% used [0x0000000081a00000,0x0000000081a00000,0x0000000086f80000)
 Metaspace       used 9795K, capacity 10064K, committed 10240K, reserved 1058816K
  class space    used 1145K, capacity 1228K, committed 1280K, reserved 1048576K
Event: 30.604 GC heap after
Heap after GC invocations=1 (full 0):
 PSYoungGen      total 38400K, used 5118K [0x00000000d5e00000, 0x00000000d8880000, 0x0000000100000000)
  eden space 33280K, 0% used [0x00000000d5e00000,0x00000000d5e00000,0x00000000d7e80000)
  from space 5120K, 99% used [0x00000000d7e80000,0x00000000d837fbe0,0x00000000d8380000)
  to   space 5120K, 0% used [0x00000000d8380000,0x00000000d8380000,0x00000000d8880000)
 ParOldGen       total 87552K, used 572K [0x0000000081a00000, 0x0000000086f80000, 0x00000000d5e00000)
  object space 87552K, 0% used [0x0000000081a00000,0x0000000081a8f078,0x0000000086f80000)
 Metaspace       used 9795K, capacity 10064K, committed 10240K, reserved 1058816K
  class space    used 1145K, capacity 1228K, committed 1280K, reserved 1048576K
}
Event: 31.052 GC heap before
{Heap before GC invocations=2 (full 0):
 PSYoungGen      total 38400K, used 38398K [0x00000000d5e00000, 0x00000000d8880000, 0x0000000100000000)
  eden space 33280K, 100% used [0x00000000d5e00000,0x00000000d7e80000,0x00000000d7e80000)
  from space 5120K, 99% used [0x00000000d7e80000,0x00000000d837fbe0,0x00000000d8380000)
  to   space 5120K, 0% used [0x00000000d8380000,0x00000000d8380000,0x00000000d8880000)
 ParOldGen       total 87552K, used 572K [0x0000000081a00000, 0x0000000086f80000, 0x00000000d5e00000)
  object space 87552K, 0% used [0x0000000081a00000,0x0000000081a8f078,0x0000000086f80000)
 Metaspace       used 13002K, capacity 13436K, committed 13568K, reserved 1060864K
  class space    used 1671K, capacity 1778K, committed 1792K, reserved 1048576K
Event: 31.065 GC heap after
Heap after GC invocations=2 (full 0):
 PSYoungGen      total 38400K, used 5111K [0x00000000d5e00000, 0x00000000d8880000, 0x0000000100000000)
  eden space 33280K, 0% used [0x00000000d5e00000,0x00000000d5e00000,0x00000000d7e80000)
  from space 5120K, 99% used [0x00000000d8380000,0x00000000d887df28,0x00000000d8880000)
  to   space 5120K, 0% used [0x00000000d7e80000,0x00000000d7e80000,0x00000000d8380000)
 ParOldGen       total 87552K, used 1193K [0x0000000081a00000, 0x0000000086f80000, 0x00000000d5e00000)
  object space 87552K, 1% used [0x0000000081a00000,0x0000000081b2a760,0x0000000086f80000)
 Metaspace       used 13002K, capacity 13436K, committed 13568K, reserved 1060864K
  class space    used 1671K, capacity 1778K, committed 1792K, reserved 1048576K
}
Event: 31.406 GC heap before
{Heap before GC invocations=3 (full 0):
 PSYoungGen      total 38400K, used 38391K [0x00000000d5e00000, 0x00000000d8880000, 0x0000000100000000)
  eden space 33280K, 100% used [0x00000000d5e00000,0x00000000d7e80000,0x00000000d7e80000)
  from space 5120K, 99% used [0x00000000d8380000,0x00000000d887df28,0x00000000d8880000)
  to   space 5120K, 0% used [0x00000000d7e80000,0x00000000d7e80000,0x00000000d8380000)
 ParOldGen       total 87552K, used 1193K [0x0000000081a00000, 0x0000000086f80000, 0x00000000d5e00000)
  object space 87552K, 1% used [0x0000000081a00000,0x0000000081b2a760,0x0000000086f80000)
 Metaspace       used 15674K, capacity 16138K, committed 16384K, reserved 1062912K
  class space    used 2069K, capacity 2185K, committed 2304K, reserved 1048576K
Event: 31.413 GC heap after
Heap after GC invocations=3 (full 0):
 PSYoungGen      total 38400K, used 5117K [0x00000000d5e00000, 0x00000000d8880000, 0x0000000100000000)
  eden space 33280K, 0% used [0x00000000d5e00000,0x00000000d5e00000,0x00000000d7e80000)
  from space 5120K, 99% used [0x00000000d7e80000,0x00000000d837f400,0x00000000d8380000)
  to   space 5120K, 0% used [0x00000000d8380000,0x00000000d8380000,0x00000000d8880000)
 ParOldGen       total 87552K, used 2460K [0x0000000081a00000, 0x0000000086f80000, 0x00000000d5e00000)
  object space 87552K, 2% used [0x0000000081a00000,0x0000000081c67380,0x0000000086f80000)
 Metaspace       used 15674K, capacity 16138K, committed 16384K, reserved 1062912K
  class space    used 2069K, capacity 2185K, committed 2304K, reserved 1048576K
}

Deoptimization events (10 events):
Event: 30.720 Thread 0x00000000027c8000 Uncommon trap: reason=unstable_if action=reinterpret pc=0x0000000002b6ba28 method=java.util.HashMap.hash(Ljava/lang/Object;)I @ 1
Event: 31.164 Thread 0x00000000027c8000 Uncommon trap: reason=predicate action=maybe_recompile pc=0x0000000002bfc5a8 method=java.lang.String.regionMatches(ZILjava/lang/String;II)Z @ 63
Event: 31.236 Thread 0x0000000019d93000 Uncommon trap: reason=unstable_if action=reinterpret pc=0x0000000002c732a8 method=java.util.concurrent.ConcurrentHashMap.addCount(JI)V @ 34
Event: 31.307 Thread 0x0000000019d93000 Uncommon trap: reason=class_check action=maybe_recompile pc=0x0000000002c1f298 method=java.util.HashMap.putVal(ILjava/lang/Object;Ljava/lang/Object;ZZ)Ljava/lang/Object; @ 203
Event: 31.311 Thread 0x0000000019d93000 Uncommon trap: reason=class_check action=maybe_recompile pc=0x0000000002c1f298 method=java.util.HashMap.putVal(ILjava/lang/Object;Ljava/lang/Object;ZZ)Ljava/lang/Object; @ 203
Event: 31.315 Thread 0x0000000019d93000 Uncommon trap: reason=class_check action=maybe_recompile pc=0x0000000002c1f298 method=java.util.HashMap.putVal(ILjava/lang/Object;Ljava/lang/Object;ZZ)Ljava/lang/Object; @ 203
Event: 31.342 Thread 0x0000000019d93000 Uncommon trap: reason=unstable_if action=reinterpret pc=0x0000000002c9f938 method=java.util.jar.Manifest$FastInputStream.readLine([BII)I @ 87
Event: 31.581 Thread 0x00000000027c8000 Uncommon trap: reason=unstable_if action=reinterpret pc=0x0000000002b0f4c8 method=java.lang.AbstractStringBuilder.append(Ljava/lang/String;)Ljava/lang/AbstractStringBuilder; @ 1
Event: 31.605 Thread 0x00000000027c8000 Uncommon trap: reason=unstable_if action=reinterpret pc=0x0000000002adf680 method=java.lang.AbstractStringBuilder.append(Ljava/lang/String;)Ljava/lang/AbstractStringBuilder; @ 1
Event: 31.628 Thread 0x00000000027c8000 Uncommon trap: reason=unstable_if action=reinterpret pc=0x0000000002c04c84 method=java.net.URL.<init>(Ljava/net/URL;Ljava/lang/String;Ljava/net/URLStreamHandler;)V @ 347

Classes redefined (0 events):
No events

Internal exceptions (10 events):
Event: 30.401 Thread 0x00000000027c8000 Exception <a 'java/lang/ArrayIndexOutOfBoundsException'> (0x00000000d74f9080) thrown at [C:\re\workspace\8-2-build-windows-amd64-cygwin\jdk8u211\12973\hotspot\src\share\vm\runtime\sharedRuntime.cpp, line 605]
Event: 30.410 Thread 0x0000000019d93000 Exception <a 'java/lang/ArrayIndexOutOfBoundsException': 177> (0x00000000d747d200) thrown at [C:\re\workspace\8-2-build-windows-amd64-cygwin\jdk8u211\12973\hotspot\src\share\vm\interpreter\interpreterRuntime.cpp, line 368]
Event: 30.410 Thread 0x00000000027c8000 Exception <a 'java/lang/ArrayIndexOutOfBoundsException': 177> (0x00000000d753c530) thrown at [C:\re\workspace\8-2-build-windows-amd64-cygwin\jdk8u211\12973\hotspot\src\share\vm\interpreter\interpreterRuntime.cpp, line 368]
Event: 30.411 Thread 0x0000000019d93000 Exception <a 'java/lang/ArrayIndexOutOfBoundsException': 56> (0x00000000d747e260) thrown at [C:\re\workspace\8-2-build-windows-amd64-cygwin\jdk8u211\12973\hotspot\src\share\vm\interpreter\interpreterRuntime.cpp, line 368]
Event: 30.411 Thread 0x00000000027c8000 Exception <a 'java/lang/ArrayIndexOutOfBoundsException': 56> (0x00000000d7542db8) thrown at [C:\re\workspace\8-2-build-windows-amd64-cygwin\jdk8u211\12973\hotspot\src\share\vm\interpreter\interpreterRuntime.cpp, line 368]
Event: 30.719 Thread 0x00000000027c8000 Implicit null exception at 0x0000000002b749d5 to 0x0000000002b74bd5
Event: 30.719 Thread 0x00000000027c8000 Implicit null exception at 0x0000000002b6b9af to 0x0000000002b6ba19
Event: 31.030 Thread 0x00000000027c8000 Exception <a 'java/lang/NoSuchMethodError': java.lang.Object.lambda$chars$0()Ljava/util/Spliterator$OfInt;> (0x00000000d7d65430) thrown at [C:\re\workspace\8-2-build-windows-amd64-cygwin\jdk8u211\12973\hotspot\src\share\vm\interpreter\linkResolver.cpp, li
Event: 31.581 Thread 0x00000000027c8000 Implicit null exception at 0x0000000002b0f116 to 0x0000000002b0f4b1
Event: 31.605 Thread 0x00000000027c8000 Implicit null exception at 0x0000000002adf2d6 to 0x0000000002adf669

Events (10 events):
Event: 31.666 loading class com/fasterxml/jackson/databind/exc/InvalidFormatException
Event: 31.666 loading class com/fasterxml/jackson/databind/exc/InvalidFormatException done
Event: 31.667 loading class org/springframework/boot/context/properties/source/ConfigurationPropertyName$ElementCharPredicate
Event: 31.667 loading class org/springframework/boot/context/properties/source/ConfigurationPropertyName$ElementCharPredicate done
Event: 31.667 loading class org/springframework/boot/context/properties/source/ConfigurationPropertyName$ElementCharPredicate
Event: 31.667 loading class org/springframework/boot/context/properties/source/ConfigurationPropertyName$ElementCharPredicate done
Event: 31.668 loading class com/fasterxml/jackson/databind/deser/UnresolvedForwardReference
Event: 31.668 loading class com/fasterxml/jackson/databind/deser/UnresolvedForwardReference done
Event: 31.669 loading class java/io/Console
Event: 31.670 loading class java/io/Console done


Dynamic libraries:
0x00007ff613c40000 - 0x00007ff613c77000 	E:\Program\Java\jre1.8.0_211\bin\javaw.exe
0x00007ffdc1940000 - 0x00007ffdc1b30000 	C:\Windows\SYSTEM32\ntdll.dll
0x00007ffdc09a0000 - 0x00007ffdc0a52000 	C:\Windows\System32\KERNEL32.DLL
0x00007ffdbe900000 - 0x00007ffdbeba3000 	C:\Windows\System32\KERNELBASE.dll
0x00007ffdc0780000 - 0x00007ffdc0823000 	C:\Windows\System32\ADVAPI32.dll
0x00007ffdbf9f0000 - 0x00007ffdbfa8e000 	C:\Windows\System32\msvcrt.dll
0x00007ffdc06e0000 - 0x00007ffdc0777000 	C:\Windows\System32\sechost.dll
0x00007ffdbfc80000 - 0x00007ffdbfda0000 	C:\Windows\System32\RPCRT4.dll
0x00007ffdc15b0000 - 0x00007ffdc1743000 	C:\Windows\System32\USER32.dll
0x00007ffdbe8d0000 - 0x00007ffdbe8f1000 	C:\Windows\System32\win32u.dll
0x00007ffdc0b40000 - 0x00007ffdc0b66000 	C:\Windows\System32\GDI32.dll
0x00007ffdbebb0000 - 0x00007ffdbed44000 	C:\Windows\System32\gdi32full.dll
0x00007ffdbef20000 - 0x00007ffdbefbe000 	C:\Windows\System32\msvcp_win.dll
0x00007ffdbee20000 - 0x00007ffdbef1a000 	C:\Windows\System32\ucrtbase.dll
0x00007ffdbdfb0000 - 0x00007ffdbe235000 	C:\Windows\WinSxS\amd64_microsoft.windows.common-controls_6595b64144ccf1df_6.0.18362.295_none_e6c3acbd13101292\COMCTL32.dll
0x00007ffdc11a0000 - 0x00007ffdc14d6000 	C:\Windows\System32\combase.dll
0x00007ffdbeda0000 - 0x00007ffdbee20000 	C:\Windows\System32\bcryptPrimitives.dll
0x00007ffdc0970000 - 0x00007ffdc099e000 	C:\Windows\System32\IMM32.DLL
0x0000000069430000 - 0x0000000069502000 	E:\Program\Java\jre1.8.0_211\bin\msvcr100.dll
0x000000006a190000 - 0x000000006aa35000 	E:\Program\Java\jre1.8.0_211\bin\server\jvm.dll
0x00007ffdbfe10000 - 0x00007ffdbfe18000 	C:\Windows\System32\PSAPI.DLL
0x00007ffdbc2f0000 - 0x00007ffdbc314000 	C:\Windows\SYSTEM32\WINMM.dll
0x00007ffdb2c30000 - 0x00007ffdb2c3a000 	C:\Windows\SYSTEM32\VERSION.dll
0x00007ffdbc1c0000 - 0x00007ffdbc1ed000 	C:\Windows\SYSTEM32\winmmbase.dll
0x00007ffdbed50000 - 0x00007ffdbed9a000 	C:\Windows\System32\cfgmgr32.dll
0x00007ffd841a0000 - 0x00007ffd841a9000 	C:\Windows\SYSTEM32\WSOCK32.dll
0x00007ffdc0900000 - 0x00007ffdc096f000 	C:\Windows\System32\WS2_32.dll
0x00007ffd82370000 - 0x00007ffd8237f000 	E:\Program\Java\jre1.8.0_211\bin\verify.dll
0x00007ffd816e0000 - 0x00007ffd81709000 	E:\Program\Java\jre1.8.0_211\bin\java.dll
0x00007ffd81690000 - 0x00007ffd816a6000 	E:\Program\Java\jre1.8.0_211\bin\zip.dll
0x00007ffdbfed0000 - 0x00007ffdc05b2000 	C:\Windows\System32\SHELL32.dll
0x00007ffdbfa90000 - 0x00007ffdbfb39000 	C:\Windows\System32\shcore.dll
0x00007ffdbeff0000 - 0x00007ffdbf76c000 	C:\Windows\System32\windows.storage.dll
0x00007ffdbe8b0000 - 0x00007ffdbe8cf000 	C:\Windows\System32\profapi.dll
0x00007ffdbe840000 - 0x00007ffdbe88a000 	C:\Windows\System32\powrprof.dll
0x00007ffdbe810000 - 0x00007ffdbe820000 	C:\Windows\System32\UMPDC.dll
0x00007ffdc0ae0000 - 0x00007ffdc0b32000 	C:\Windows\System32\shlwapi.dll
0x00007ffdbe820000 - 0x00007ffdbe831000 	C:\Windows\System32\kernel.appcore.dll
0x00007ffdbf9d0000 - 0x00007ffdbf9e7000 	C:\Windows\System32\cryptsp.dll
0x00007ffdb2840000 - 0x00007ffdb284d000 	E:\Program\Java\jre1.8.0_211\bin\management.dll
0x00007ffd81670000 - 0x00007ffd8168a000 	E:\Program\Java\jre1.8.0_211\bin\net.dll
0x00007ffdaf5e0000 - 0x00007ffdaf7b6000 	C:\Windows\SYSTEM32\urlmon.dll
0x00007ffdafc50000 - 0x00007ffdafef6000 	C:\Windows\SYSTEM32\iertutil.dll
0x00007ffdbdad0000 - 0x00007ffdbdadc000 	C:\Windows\SYSTEM32\CRYPTBASE.DLL
0x00007ffdbd950000 - 0x00007ffdbd9b7000 	C:\Windows\system32\mswsock.dll
0x00007ffd867a0000 - 0x00007ffd867b6000 	C:\Windows\system32\napinsp.dll
0x00007ffd86780000 - 0x00007ffd8679a000 	C:\Windows\system32\pnrpnsp.dll
0x00007ffdbd6b0000 - 0x00007ffdbd77a000 	C:\Windows\SYSTEM32\DNSAPI.dll
0x00007ffdc0640000 - 0x00007ffdc0648000 	C:\Windows\System32\NSI.dll
0x00007ffdbd670000 - 0x00007ffdbd6aa000 	C:\Windows\SYSTEM32\IPHLPAPI.DLL
0x00007ffda1ee0000 - 0x00007ffda1eee000 	C:\Windows\System32\winrnr.dll
0x00007ffdba9b0000 - 0x00007ffdba9cc000 	C:\Windows\system32\NLAapi.dll
0x00007ffdb96e0000 - 0x00007ffdb96f5000 	C:\Windows\system32\wshbth.dll
0x00007ffdb2290000 - 0x00007ffdb229a000 	C:\Windows\System32\rasadhlp.dll
0x00007ffdb1f30000 - 0x00007ffdb1fa7000 	C:\Windows\System32\fwpuclnt.dll
0x00007ffdbefc0000 - 0x00007ffdbefe6000 	C:\Windows\System32\bcrypt.dll

VM Arguments:
jvm_args: -Dfile.encoding=UTF-8 
java_command: org.jeecg.JeecgApplication
java_class_path (initial): E:\Project\jeecg\jeecg-boot-master\jeecg-boot\jeecg-boot-module-system\target\classes;E:\Project\jeecg\jeecg-boot-master\jeecg-boot\jeecg-boot-base-common\target\classes;C:\Users\Ming\.m2\repository\org\activiti\activiti-engine\5.22.0\activiti-engine-5.22.0.jar;C:\Users\Ming\.m2\repository\org\activiti\activiti-bpmn-converter\5.22.0\activiti-bpmn-converter-5.22.0.jar;C:\Users\Ming\.m2\repository\org\activiti\activiti-bpmn-model\5.22.0\activiti-bpmn-model-5.22.0.jar;C:\Users\Ming\.m2\repository\org\activiti\activiti-process-validation\5.22.0\activiti-process-validation-5.22.0.jar;C:\Users\Ming\.m2\repository\org\activiti\activiti-image-generator\5.22.0\activiti-image-generator-5.22.0.jar;C:\Users\Ming\.m2\repository\org\apache\commons\commons-email\1.4\commons-email-1.4.jar;C:\Users\Ming\.m2\repository\javax\activation\activation\1.1.1\activation-1.1.1.jar;C:\Users\Ming\.m2\repository\org\apache\commons\commons-lang3\3.8.1\commons-lang3-3.8.1.jar;C:\Users\Ming\.m2\repository\org\springframework\spring-beans\5.1.5.RELEASE\spring-beans-5.1.5.RELEASE.jar;C:\Users\Ming\.m2\repository\joda-time\joda-time\2.10.1\joda-time-2.10.1.jar;C:\Users\Ming\.m2\repository\org\slf4j\slf4j-api\1.7.25\slf4j-api-1.7.25.jar;C:\Users\Ming\.m2\repository\org\slf4j\jcl-over-slf4j\1.7.25\jcl-over-slf4j-1.7.25.jar;C:\Users\Ming\.m2\repository\org\activiti\activiti-spring\5.22.0\activiti-spring-5.22.0.jar;C:\Users\Ming\.m2\repository\org\springframework\spring-context\5.1.5.RELEASE\spring-context-5.1.5.RELEASE.jar;C:\Users\Ming\.m2\repository\org\springframework\spring-expression\5.1.5.RELEASE\spring-expression-5.1.5.RELEASE.jar;C:\Users\Ming\.m2\repository\org\springframework\spring-jdbc\5.1.5.RELEASE\spring-jdbc-5.1.5.RELEASE.jar;C:\Users\Ming\.m2\repository\org\springframework\spring-tx\5.1.5.RELEASE\spring-tx-5.1.5.RELEASE.jar;C:\Users\Ming\.m2\repository\org\springframework\spring-orm\5.1.5.RELEASE\spring-orm-5.1.5.RELEASE.jar;C:\Users\Ming\.m2\repository\commo
Launcher Type: SUN_STANDARD

Environment Variables:
JAVA_HOME=E:\Program\Java\jdk1.8.0_211
JRE_HOME=E:\Program\Java\jre1.8.0_211
PATH=E:/Program/Java/jre1.8.0_211/bin/server;E:/Program/Java/jre1.8.0_211/bin;E:/Program/Java/jre1.8.0_211/lib/amd64;C:\Program Files (x86)\Common Files\Oracle\Java\javapath;C:\ProgramData\DockerDesktop\version-bin;C:\Program Files\Docker\Docker\Resources\bin;C:\Windows\system32;C:\Windows;C:\Windows\System32\Wbem;C:\Windows\System32\WindowsPowerShell\v1.0\;C:\Windows\System32\OpenSSH\;E:\Tools\PuTTY\;E:\Program\apache-maven-3.6.1\bin;E:\VCS\TortoiseSVN\bin;E:\VCS\Git\cmd;E:\Program\Java\jdk1.8.0_211\bin;E:\Program\zookeeper\bin;E:\Program\kafka\bin\windows;E:\Program\nodejs\;E:\Program\Yarn\bin\;E:\Program\Python27;E:\Program\Redis\;C:\Users\Ming\AppData\Roaming\npm;C:\Users\Ming\AppData\Local\Yarn\bin;;E:\Program\jee-2019-06\eclipse;
USERNAME=Ming
OS=Windows_NT
PROCESSOR_IDENTIFIER=Intel64 Family 6 Model 78 Stepping 3, GenuineIntel



---------------  S Y S T E M  ---------------

OS: Windows 10.0 , 64 bit Build 18362 (10.0.18362.86)

CPU:total 4 (initial active 4) (2 cores per cpu, 2 threads per core) family 6 model 78 stepping 3, cmov, cx8, fxsr, mmx, sse, sse2, sse3, ssse3, sse4.1, sse4.2, popcnt, avx, avx2, aes, clmul, erms, 3dnowpref, lzcnt, ht, tsc, tscinvbit, bmi1, bmi2, adx

Memory: 4k page, physical 8281888k(1429036k free), swap 8793888k(5368k free)

vm_info: Java HotSpot(TM) 64-Bit Server VM (25.211-b12) for windows-amd64 JRE (1.8.0_211-b12), built on Apr  1 2019 20:53:26 by "java_re" with MS VC++ 10.0 (VS2010)

time: Sun Aug 25 00:33:43 2019
timezone: 中国标准时间
elapsed time: 31 seconds (0d 0h 0m 31s)

