#
# There is insufficient memory for the Java Runtime Environment to continue.
# Native memory allocation (malloc) failed to allocate 32744 bytes for ChunkPool::allocate
# Possible reasons:
#   The system is out of physical RAM or swap space
#   The process is running with CompressedOops enabled, and the Java Heap may be blocking the growth of the native heap
# Possible solutions:
#   Reduce memory load on the system
#   Increase physical memory or swap space
#   Check if swap backing store is full
#   Decrease Java heap size (-Xmx/-Xms)
#   Decrease number of Java threads
#   Decrease Java thread stack sizes (-Xss)
#   Set larger code cache with -XX:ReservedCodeCacheSize=
#   JVM is running with Unscaled Compressed Oops mode in which the Java heap is
#     placed in the first 4GB address space. The Java Heap base address is the
#     maximum limit for the native heap growth. Please use -XX:HeapBaseMinAddress
#     to set the Java Heap base and to place the Java Heap above 4GB virtual address.
# This output file may be truncated or incomplete.
#
#  Out of Memory Error (allocation.cpp:272), pid=11696, tid=0x0000000000002dd8
#
# JRE version: Java(TM) SE Runtime Environment (8.0_211-b12) (build 1.8.0_211-b12)
# Java VM: Java HotSpot(TM) 64-Bit Server VM (25.211-b12 mixed mode windows-amd64 compressed oops)
# Failed to write core dump. Minidumps are not enabled by default on client versions of Windows
#

---------------  T H R E A D  ---------------

Current thread (0x000000001a35b800):  JavaThread "C2 CompilerThread1" daemon [_thread_in_native, id=11736, stack(0x000000001a8d0000,0x000000001a9d0000)]

Stack: [0x000000001a8d0000,0x000000001a9d0000]
[error occurred during error reporting (printing stack bounds), id 0xc0000005]

Native frames: (J=compiled Java code, j=interpreted, Vv=VM code, C=native code)


Current CompileTask:
C2: 235603 10362   !   4       java.net.URL::<init> (543 bytes)


---------------  P R O C E S S  ---------------

Java Threads: ( => current thread )
  0x00000000201cc800 JavaThread "DestroyJavaVM" [_thread_blocked, id=12052, stack(0x0000000003470000,0x0000000003570000)]
  0x00000000201c8800 JavaThread "http-nio-8080-Acceptor-0" daemon [_thread_in_native, id=3084, stack(0x000000002b840000,0x000000002b940000)]
  0x00000000201c1000 JavaThread "http-nio-8080-ClientPoller-1" daemon [_thread_in_native, id=6312, stack(0x000000002a580000,0x000000002a680000)]
  0x00000000201c8000 JavaThread "http-nio-8080-ClientPoller-0" daemon [_thread_in_native, id=5468, stack(0x000000002a480000,0x000000002a580000)]
  0x00000000201c0800 JavaThread "http-nio-8080-exec-10" daemon [_thread_blocked, id=3140, stack(0x000000002b470000,0x000000002b570000)]
  0x00000000201c2000 JavaThread "http-nio-8080-exec-9" daemon [_thread_blocked, id=6012, stack(0x000000002b370000,0x000000002b470000)]
  0x00000000201c7000 JavaThread "http-nio-8080-exec-8" daemon [_thread_blocked, id=764, stack(0x000000002b270000,0x000000002b370000)]
  0x00000000201c6800 JavaThread "http-nio-8080-exec-7" daemon [_thread_blocked, id=5744, stack(0x000000002b170000,0x000000002b270000)]
  0x00000000201c5800 JavaThread "http-nio-8080-exec-6" daemon [_thread_blocked, id=11936, stack(0x000000002b070000,0x000000002b170000)]
  0x00000000201bf800 JavaThread "http-nio-8080-exec-5" daemon [_thread_blocked, id=7432, stack(0x000000002af70000,0x000000002b070000)]
  0x00000000201c2800 JavaThread "http-nio-8080-exec-4" daemon [_thread_in_Java, id=11052, stack(0x000000002ae70000,0x000000002af70000)]
  0x00000000201c3800 JavaThread "http-nio-8080-exec-3" daemon [_thread_blocked, id=12176, stack(0x000000002ad70000,0x000000002ae70000)]
  0x00000000201c4000 JavaThread "http-nio-8080-exec-2" daemon [_thread_blocked, id=3604, stack(0x000000002ac70000,0x000000002ad70000)]
  0x00000000201c5000 JavaThread "http-nio-8080-exec-1" daemon [_thread_blocked, id=8664, stack(0x000000002ab70000,0x000000002ac70000)]
  0x000000001dc25000 JavaThread "NioBlockingSelector.BlockPoller-1" daemon [_thread_in_native, id=10724, stack(0x0000000027e30000,0x0000000027f30000)]
  0x000000001dc24000 JavaThread "QuartzScheduler_quartzScheduler-NON_CLUSTERED_MisfireHandler" [_thread_blocked, id=7332, stack(0x00000000291a0000,0x00000000292a0000)]
  0x000000001dc28800 JavaThread "quartzScheduler_QuartzSchedulerThread" [_thread_blocked, id=3128, stack(0x0000000026c30000,0x0000000026d30000)]
  0x000000001dc2d000 JavaThread "quartzScheduler_Worker-10" [_thread_blocked, id=10524, stack(0x0000000028850000,0x0000000028950000)]
  0x000000001dc31800 JavaThread "quartzScheduler_Worker-9" [_thread_blocked, id=5308, stack(0x0000000028750000,0x0000000028850000)]
  0x000000001dc2e800 JavaThread "quartzScheduler_Worker-8" [_thread_blocked, id=784, stack(0x0000000028650000,0x0000000028750000)]
  0x000000001dc30000 JavaThread "quartzScheduler_Worker-7" [_thread_blocked, id=5056, stack(0x0000000028550000,0x0000000028650000)]
  0x000000001dc2e000 JavaThread "quartzScheduler_Worker-6" [_thread_blocked, id=11440, stack(0x0000000028450000,0x0000000028550000)]
  0x000000001dc2f800 JavaThread "quartzScheduler_Worker-5" [_thread_blocked, id=4084, stack(0x0000000028350000,0x0000000028450000)]
  0x000000001dc26800 JavaThread "quartzScheduler_Worker-4" [_thread_blocked, id=11900, stack(0x0000000028250000,0x0000000028350000)]
  0x000000001dc2c800 JavaThread "quartzScheduler_Worker-3" [_thread_blocked, id=4540, stack(0x0000000028150000,0x0000000028250000)]
  0x000000001dc2b800 JavaThread "quartzScheduler_Worker-2" [_thread_blocked, id=5160, stack(0x0000000027830000,0x0000000027930000)]
  0x000000001dc2b000 JavaThread "quartzScheduler_Worker-1" [_thread_blocked, id=10844, stack(0x00000000264e0000,0x00000000265e0000)]
  0x000000001dc29800 JavaThread "container-0" [_thread_blocked, id=8656, stack(0x0000000026640000,0x0000000026740000)]
  0x000000001dc27000 JavaThread "Catalina-utility-2" [_thread_blocked, id=9592, stack(0x00000000263e0000,0x00000000264e0000)]
  0x000000002195e000 JavaThread "Catalina-utility-1" [_thread_blocked, id=10508, stack(0x0000000024c00000,0x0000000024d00000)]
  0x000000002195d800 JavaThread "Druid-ConnectionPool-Destroy-89222885" daemon [_thread_blocked, id=10272, stack(0x0000000026930000,0x0000000026a30000)]
  0x000000002195c000 JavaThread "Druid-ConnectionPool-Create-89222885" daemon [_thread_blocked, id=11756, stack(0x0000000026830000,0x0000000026930000)]
  0x000000002195b000 JavaThread "SimplePauseDetectorThread_0" daemon [_thread_blocked, id=2852, stack(0x0000000025ea0000,0x0000000025fa0000)]
  0x000000002195a800 JavaThread "Thread-2" daemon [_thread_blocked, id=11480, stack(0x0000000025da0000,0x0000000025ea0000)]
  0x0000000021959800 JavaThread "Abandoned connection cleanup thread" daemon [_thread_blocked, id=6476, stack(0x000000001eb80000,0x000000001ec80000)]
  0x000000002195c800 JavaThread "lettuce-eventExecutorLoop-1-1" daemon [_thread_blocked, id=224, stack(0x000000001d1e0000,0x000000001d2e0000)]
  0x000000001a36b800 JavaThread "Service Thread" daemon [_thread_blocked, id=7280, stack(0x000000001aad0000,0x000000001abd0000)]
  0x000000001a360000 JavaThread "C1 CompilerThread2" daemon [_thread_blocked, id=10532, stack(0x000000001a9d0000,0x000000001aad0000)]
=>0x000000001a35b800 JavaThread "C2 CompilerThread1" daemon [_thread_in_native, id=11736, stack(0x000000001a8d0000,0x000000001a9d0000)]
  0x000000001a35a800 JavaThread "C2 CompilerThread0" daemon [_thread_in_native, id=9664, stack(0x000000001a7d0000,0x000000001a8d0000)]
  0x000000001834d000 JavaThread "JDWP Command Reader" daemon [_thread_in_native, id=4172, stack(0x0000000019ed0000,0x0000000019fd0000)]
  0x0000000018349800 JavaThread "JDWP Event Helper Thread" daemon [_thread_blocked, id=10876, stack(0x0000000019dd0000,0x0000000019ed0000)]
  0x000000001833d800 JavaThread "JDWP Transport Listener: dt_socket" daemon [_thread_blocked, id=1704, stack(0x0000000019cd0000,0x0000000019dd0000)]
  0x0000000018331800 JavaThread "Attach Listener" daemon [_thread_blocked, id=1832, stack(0x0000000019bd0000,0x0000000019cd0000)]
  0x0000000019713800 JavaThread "Signal Dispatcher" daemon [_thread_blocked, id=3792, stack(0x0000000019ad0000,0x0000000019bd0000)]
  0x000000000366e000 JavaThread "Finalizer" daemon [_thread_blocked, id=1868, stack(0x0000000019570000,0x0000000019670000)]
  0x00000000182d9000 JavaThread "Reference Handler" daemon [_thread_blocked, id=4564, stack(0x0000000019470000,0x0000000019570000)]

Other Threads:
  0x00000000182d7000 VMThread [stack: 0x0000000019370000,0x0000000019470000] [id=4268]
  0x000000001a481000 WatcherThread [stack: 0x000000001abd0000,0x000000001acd0000] [id=8488]

VM state:not at safepoint (normal execution)

VM Mutex/Monitor currently owned by a thread: None

heap address: 0x0000000081a00000, size: 2022 MB, Compressed Oops mode: 32-bit
Narrow klass base: 0x0000000000000000, Narrow klass shift: 3
Compressed class space size: 1073741824 Address: 0x0000000100000000

Heap:
 PSYoungGen      total 572928K, used 320699K [0x00000000d5e00000, 0x00000000fa980000, 0x0000000100000000)
  eden space 547328K, 54% used [0x00000000d5e00000,0x00000000e83b8d38,0x00000000f7480000)
  from space 25600K, 77% used [0x00000000f8f80000,0x00000000fa2f62b0,0x00000000fa880000)
  to   space 27136K, 0% used [0x00000000f7480000,0x00000000f7480000,0x00000000f8f00000)
 ParOldGen       total 130048K, used 48181K [0x0000000081a00000, 0x0000000089900000, 0x00000000d5e00000)
  object space 130048K, 37% used [0x0000000081a00000,0x000000008490d488,0x0000000089900000)
 Metaspace       used 84396K, capacity 87714K, committed 88084K, reserved 1126400K
  class space    used 10312K, capacity 10907K, committed 11028K, reserved 1048576K

Card table byte_map: [0x0000000012b60000,0x0000000012f60000] byte_map_base: 0x0000000012753000

Marking Bits: (ParMarkBitMap*) 0x0000000071235ce0
 Begin Bits: [0x0000000013610000, 0x00000000155a8000)
 End Bits:   [0x00000000155a8000, 0x0000000017540000)

Polling page: 0x0000000001430000

CodeCache: size=245760Kb used=26608Kb max_used=29332Kb free=219151Kb
 bounds [0x00000000037a0000, 0x0000000005470000, 0x00000000127a0000]
 total_blobs=8858 nmethods=8264 adapters=513
 compilation: enabled

Compilation events (10 events):
Event: 235.535 Thread 0x000000001a360000 nmethod 10366 0x0000000003f96750 code [0x0000000003f968a0, 0x0000000003f969b0]
Event: 235.538 Thread 0x000000001a360000 10367       3       java.util.logging.LogManager$LoggerContext::getRootLogger (8 bytes)
Event: 235.539 Thread 0x000000001a360000 nmethod 10367 0x0000000004821f10 code [0x0000000004822060, 0x0000000004822270]
Event: 235.550 Thread 0x000000001a360000 10368       3       java.util.logging.LogManager$LoggerContext::getGlobalLogger (6 bytes)
Event: 235.551 Thread 0x000000001a360000 nmethod 10368 0x0000000004178cd0 code [0x0000000004178e20, 0x0000000004178f70]
Event: 235.575 Thread 0x000000001a35a800 10369       4       org.eclipse.jdt.launching.internal.org.objectweb.asm.ClassWriter::toByteArray (1281 bytes)
Event: 235.583 Thread 0x000000001a360000 10370       1       org.apache.tomcat.util.buf.AbstractChunk::getEnd (5 bytes)
Event: 235.583 Thread 0x000000001a360000 nmethod 10370 0x00000000038d2cd0 code [0x00000000038d2e20, 0x00000000038d2f30]
Event: 235.584 Thread 0x000000001a360000 10371       3       org.apache.tomcat.util.buf.Ascii::toLower (14 bytes)
Event: 235.585 Thread 0x000000001a360000 nmethod 10371 0x00000000043eb710 code [0x00000000043eb860, 0x00000000043eb9d0]

GC Heap History (10 events):
Event: 18.846 GC heap before
{Heap before GC invocations=15 (full 3):
 PSYoungGen      total 374784K, used 4350K [0x00000000d5e00000, 0x00000000ee280000, 0x0000000100000000)
  eden space 354304K, 0% used [0x00000000d5e00000,0x00000000d5e00000,0x00000000eb800000)
  from space 20480K, 21% used [0x00000000ecc00000,0x00000000ed03f8e8,0x00000000ee000000)
  to   space 20480K, 0% used [0x00000000eb800000,0x00000000eb800000,0x00000000ecc00000)
 ParOldGen       total 91136K, used 39778K [0x0000000081a00000, 0x0000000087300000, 0x00000000d5e00000)
  object space 91136K, 43% used [0x0000000081a00000,0x00000000840d8a90,0x0000000087300000)
 Metaspace       used 57011K, capacity 58986K, committed 59028K, reserved 1101824K
  class space    used 7160K, capacity 7535K, committed 7572K, reserved 1048576K
Event: 19.056 GC heap after
Heap after GC invocations=15 (full 3):
 PSYoungGen      total 374784K, used 0K [0x00000000d5e00000, 0x00000000ee280000, 0x0000000100000000)
  eden space 354304K, 0% used [0x00000000d5e00000,0x00000000d5e00000,0x00000000eb800000)
  from space 20480K, 0% used [0x00000000ecc00000,0x00000000ecc00000,0x00000000ee000000)
  to   space 20480K, 0% used [0x00000000eb800000,0x00000000eb800000,0x00000000ecc00000)
 ParOldGen       total 130048K, used 34552K [0x0000000081a00000, 0x0000000089900000, 0x00000000d5e00000)
  object space 130048K, 26% used [0x0000000081a00000,0x0000000083bbe070,0x0000000089900000)
 Metaspace       used 57011K, capacity 58986K, committed 59028K, reserved 1101824K
  class space    used 7160K, capacity 7535K, committed 7572K, reserved 1048576K
}
Event: 20.933 GC heap before
{Heap before GC invocations=16 (full 3):
 PSYoungGen      total 374784K, used 354304K [0x00000000d5e00000, 0x00000000ee280000, 0x0000000100000000)
  eden space 354304K, 100% used [0x00000000d5e00000,0x00000000eb800000,0x00000000eb800000)
  from space 20480K, 0% used [0x00000000ecc00000,0x00000000ecc00000,0x00000000ee000000)
  to   space 20480K, 0% used [0x00000000eb800000,0x00000000eb800000,0x00000000ecc00000)
 ParOldGen       total 130048K, used 34552K [0x0000000081a00000, 0x0000000089900000, 0x00000000d5e00000)
  object space 130048K, 26% used [0x0000000081a00000,0x0000000083bbe070,0x0000000089900000)
 Metaspace       used 64604K, capacity 66620K, committed 66964K, reserved 1107968K
  class space    used 8130K, capacity 8510K, committed 8596K, reserved 1048576K
Event: 20.956 GC heap after
Heap after GC invocations=16 (full 3):
 PSYoungGen      total 374784K, used 14919K [0x00000000d5e00000, 0x00000000f3d80000, 0x0000000100000000)
  eden space 354304K, 0% used [0x00000000d5e00000,0x00000000d5e00000,0x00000000eb800000)
  from space 20480K, 72% used [0x00000000eb800000,0x00000000ec691ed8,0x00000000ecc00000)
  to   space 21504K, 0% used [0x00000000f2880000,0x00000000f2880000,0x00000000f3d80000)
 ParOldGen       total 130048K, used 34560K [0x0000000081a00000, 0x0000000089900000, 0x00000000d5e00000)
  object space 130048K, 26% used [0x0000000081a00000,0x0000000083bc0070,0x0000000089900000)
 Metaspace       used 64604K, capacity 66620K, committed 66964K, reserved 1107968K
  class space    used 8130K, capacity 8510K, committed 8596K, reserved 1048576K
}
Event: 23.055 GC heap before
{Heap before GC invocations=17 (full 3):
 PSYoungGen      total 374784K, used 369223K [0x00000000d5e00000, 0x00000000f3d80000, 0x0000000100000000)
  eden space 354304K, 100% used [0x00000000d5e00000,0x00000000eb800000,0x00000000eb800000)
  from space 20480K, 72% used [0x00000000eb800000,0x00000000ec691ed8,0x00000000ecc00000)
  to   space 21504K, 0% used [0x00000000f2880000,0x00000000f2880000,0x00000000f3d80000)
 ParOldGen       total 130048K, used 34560K [0x0000000081a00000, 0x0000000089900000, 0x00000000d5e00000)
  object space 130048K, 26% used [0x0000000081a00000,0x0000000083bc0070,0x0000000089900000)
 Metaspace       used 67376K, capacity 69520K, committed 69780K, reserved 1110016K
  class space    used 8389K, capacity 8790K, committed 8852K, reserved 1048576K
Event: 23.074 GC heap after
Heap after GC invocations=17 (full 3):
 PSYoungGen      total 460288K, used 15050K [0x00000000d5e00000, 0x00000000f3980000, 0x0000000100000000)
  eden space 442880K, 0% used [0x00000000d5e00000,0x00000000d5e00000,0x00000000f0e80000)
  from space 17408K, 86% used [0x00000000f2880000,0x00000000f3732ac8,0x00000000f3980000)
  to   space 22016K, 0% used [0x00000000f0e80000,0x00000000f0e80000,0x00000000f2400000)
 ParOldGen       total 130048K, used 34576K [0x0000000081a00000, 0x0000000089900000, 0x00000000d5e00000)
  object space 130048K, 26% used [0x0000000081a00000,0x0000000083bc4088,0x0000000089900000)
 Metaspace       used 67376K, capacity 69520K, committed 69780K, reserved 1110016K
  class space    used 8389K, capacity 8790K, committed 8852K, reserved 1048576K
}
Event: 27.214 GC heap before
{Heap before GC invocations=18 (full 3):
 PSYoungGen      total 460288K, used 457930K [0x00000000d5e00000, 0x00000000f3980000, 0x0000000100000000)
  eden space 442880K, 100% used [0x00000000d5e00000,0x00000000f0e80000,0x00000000f0e80000)
  from space 17408K, 86% used [0x00000000f2880000,0x00000000f3732ac8,0x00000000f3980000)
  to   space 22016K, 0% used [0x00000000f0e80000,0x00000000f0e80000,0x00000000f2400000)
 ParOldGen       total 130048K, used 34576K [0x0000000081a00000, 0x0000000089900000, 0x00000000d5e00000)
  object space 130048K, 26% used [0x0000000081a00000,0x0000000083bc4088,0x0000000089900000)
 Metaspace       used 72126K, capacity 74500K, committed 74772K, reserved 1114112K
  class space    used 8702K, capacity 9138K, committed 9236K, reserved 1048576K
Event: 27.257 GC heap after
Heap after GC invocations=18 (full 3):
 PSYoungGen      total 464896K, used 21984K [0x00000000d5e00000, 0x00000000fa880000, 0x0000000100000000)
  eden space 442880K, 0% used [0x00000000d5e00000,0x00000000d5e00000,0x00000000f0e80000)
  from space 22016K, 99% used [0x00000000f0e80000,0x00000000f23f8258,0x00000000f2400000)
  to   space 25600K, 0% used [0x00000000f8f80000,0x00000000f8f80000,0x00000000fa880000)
 ParOldGen       total 130048K, used 35150K [0x0000000081a00000, 0x0000000089900000, 0x00000000d5e00000)
  object space 130048K, 27% used [0x0000000081a00000,0x0000000083c53950,0x0000000089900000)
 Metaspace       used 72126K, capacity 74500K, committed 74772K, reserved 1114112K
  class space    used 8702K, capacity 9138K, committed 9236K, reserved 1048576K
}
Event: 30.752 GC heap before
{Heap before GC invocations=19 (full 3):
 PSYoungGen      total 464896K, used 464864K [0x00000000d5e00000, 0x00000000fa880000, 0x0000000100000000)
  eden space 442880K, 100% used [0x00000000d5e00000,0x00000000f0e80000,0x00000000f0e80000)
  from space 22016K, 99% used [0x00000000f0e80000,0x00000000f23f8258,0x00000000f2400000)
  to   space 25600K, 0% used [0x00000000f8f80000,0x00000000f8f80000,0x00000000fa880000)
 ParOldGen       total 130048K, used 35150K [0x0000000081a00000, 0x0000000089900000, 0x00000000d5e00000)
  object space 130048K, 27% used [0x0000000081a00000,0x0000000083c53950,0x0000000089900000)
 Metaspace       used 77540K, capacity 80436K, committed 80532K, reserved 1120256K
  class space    used 9318K, capacity 9852K, committed 9876K, reserved 1048576K
Event: 30.790 GC heap after
Heap after GC invocations=19 (full 3):
 PSYoungGen      total 572928K, used 19928K [0x00000000d5e00000, 0x00000000fa980000, 0x0000000100000000)
  eden space 547328K, 0% used [0x00000000d5e00000,0x00000000d5e00000,0x00000000f7480000)
  from space 25600K, 77% used [0x00000000f8f80000,0x00000000fa2f62b0,0x00000000fa880000)
  to   space 27136K, 0% used [0x00000000f7480000,0x00000000f7480000,0x00000000f8f00000)
 ParOldGen       total 130048K, used 48181K [0x0000000081a00000, 0x0000000089900000, 0x00000000d5e00000)
  object space 130048K, 37% used [0x0000000081a00000,0x000000008490d488,0x0000000089900000)
 Metaspace       used 77540K, capacity 80436K, committed 80532K, reserved 1120256K
  class space    used 9318K, capacity 9852K, committed 9876K, reserved 1048576K
}

Deoptimization events (10 events):
Event: 235.569 Thread 0x00000000201c2800 Uncommon trap: reason=unhandled action=none pc=0x0000000004098b04 method=java.net.URLClassLoader.findClass(Ljava/lang/String;)Ljava/lang/Class; @ 44
Event: 235.570 Thread 0x00000000201c4000 Uncommon trap: reason=unhandled action=none pc=0x0000000004098b04 method=java.net.URLClassLoader.findClass(Ljava/lang/String;)Ljava/lang/Class; @ 44
Event: 235.574 Thread 0x00000000201c2800 Uncommon trap: reason=unhandled action=none pc=0x0000000004098b04 method=java.net.URLClassLoader.findClass(Ljava/lang/String;)Ljava/lang/Class; @ 44
Event: 235.584 Thread 0x00000000201c2800 Uncommon trap: reason=unhandled action=none pc=0x0000000004098b04 method=java.net.URLClassLoader.findClass(Ljava/lang/String;)Ljava/lang/Class; @ 44
Event: 235.586 Thread 0x00000000201c2800 Uncommon trap: reason=unhandled action=none pc=0x0000000004098b04 method=java.net.URLClassLoader.findClass(Ljava/lang/String;)Ljava/lang/Class; @ 44
Event: 235.587 Thread 0x00000000201c2800 Uncommon trap: reason=unhandled action=none pc=0x0000000004098b04 method=java.net.URLClassLoader.findClass(Ljava/lang/String;)Ljava/lang/Class; @ 44
Event: 235.593 Thread 0x00000000201c2800 Uncommon trap: reason=unhandled action=none pc=0x0000000004098b04 method=java.net.URLClassLoader.findClass(Ljava/lang/String;)Ljava/lang/Class; @ 44
Event: 235.594 Thread 0x00000000201c2800 Uncommon trap: reason=unhandled action=none pc=0x0000000004098b04 method=java.net.URLClassLoader.findClass(Ljava/lang/String;)Ljava/lang/Class; @ 44
Event: 235.598 Thread 0x00000000201c2800 Uncommon trap: reason=unhandled action=none pc=0x0000000004098b04 method=java.net.URLClassLoader.findClass(Ljava/lang/String;)Ljava/lang/Class; @ 44
Event: 235.599 Thread 0x00000000201c2800 Uncommon trap: reason=unhandled action=none pc=0x0000000004098b04 method=java.net.URLClassLoader.findClass(Ljava/lang/String;)Ljava/lang/Class; @ 44

Classes redefined (0 events):
No events

Internal exceptions (10 events):
Event: 33.746 Thread 0x0000000003579800 Exception <a 'java/lang/ClassNotFoundException': > (0x00000000e5e965d8) thrown at [C:\re\workspace\8-2-build-windows-amd64-cygwin\jdk8u211\12973\hotspot\src\share\vm\prims\jni.cpp, line 736]
Event: 33.786 Thread 0x0000000003579800 Exception <a 'java/lang/ArrayIndexOutOfBoundsException': 80> (0x00000000e5ec1760) thrown at [C:\re\workspace\8-2-build-windows-amd64-cygwin\jdk8u211\12973\hotspot\src\share\vm\interpreter\interpreterRuntime.cpp, line 368]
Event: 33.786 Thread 0x0000000003579800 Exception <a 'java/lang/ArrayIndexOutOfBoundsException': 97> (0x00000000e5ec3f80) thrown at [C:\re\workspace\8-2-build-windows-amd64-cygwin\jdk8u211\12973\hotspot\src\share\vm\interpreter\interpreterRuntime.cpp, line 368]
Event: 33.787 Thread 0x0000000003579800 Exception <a 'java/lang/ArrayIndexOutOfBoundsException': 97> (0x00000000e5ec6768) thrown at [C:\re\workspace\8-2-build-windows-amd64-cygwin\jdk8u211\12973\hotspot\src\share\vm\interpreter\interpreterRuntime.cpp, line 368]
Event: 33.787 Thread 0x0000000003579800 Exception <a 'java/lang/ArrayIndexOutOfBoundsException': 116> (0x00000000e5ec8e60) thrown at [C:\re\workspace\8-2-build-windows-amd64-cygwin\jdk8u211\12973\hotspot\src\share\vm\interpreter\interpreterRuntime.cpp, line 368]
Event: 33.787 Thread 0x0000000003579800 Exception <a 'java/lang/ArrayIndexOutOfBoundsException': 80> (0x00000000e5eca668) thrown at [C:\re\workspace\8-2-build-windows-amd64-cygwin\jdk8u211\12973\hotspot\src\share\vm\interpreter\interpreterRuntime.cpp, line 368]
Event: 33.787 Thread 0x0000000003579800 Exception <a 'java/lang/ArrayIndexOutOfBoundsException': 97> (0x00000000e5eccdd0) thrown at [C:\re\workspace\8-2-build-windows-amd64-cygwin\jdk8u211\12973\hotspot\src\share\vm\interpreter\interpreterRuntime.cpp, line 368]
Event: 33.787 Thread 0x0000000003579800 Exception <a 'java/lang/ArrayIndexOutOfBoundsException': 247> (0x00000000e5ed0740) thrown at [C:\re\workspace\8-2-build-windows-amd64-cygwin\jdk8u211\12973\hotspot\src\share\vm\interpreter\interpreterRuntime.cpp, line 368]
Event: 33.787 Thread 0x0000000003579800 Exception <a 'java/lang/ArrayIndexOutOfBoundsException': 72> (0x00000000e5ed4130) thrown at [C:\re\workspace\8-2-build-windows-amd64-cygwin\jdk8u211\12973\hotspot\src\share\vm\interpreter\interpreterRuntime.cpp, line 368]
Event: 33.787 Thread 0x0000000003579800 Exception <a 'java/lang/ArrayIndexOutOfBoundsException': 72> (0x00000000e5ed6460) thrown at [C:\re\workspace\8-2-build-windows-amd64-cygwin\jdk8u211\12973\hotspot\src\share\vm\interpreter\interpreterRuntime.cpp, line 368]

Events (10 events):
Event: 235.598 loading class javax/security/auth/message/config/AuthConfigFactory$1
Event: 235.598 loading class javax/security/auth/message/config/AuthConfigFactory$1 done
Event: 235.598 Thread 0x00000000201c2800 Uncommon trap: trap_request=0xffffffa7 fr.pc=0x0000000004098b04
Event: 235.598 Thread 0x00000000201c2800 DEOPT PACKING pc=0x0000000004098b04 sp=0x000000002af6d860
Event: 235.598 Thread 0x00000000201c2800 DEOPT UNPACKING pc=0x00000000037e583b sp=0x000000002af6d758 mode 2
Event: 235.599 loading class org/apache/catalina/authenticator/jaspic/AuthConfigFactoryImpl
Event: 235.599 loading class org/apache/catalina/authenticator/jaspic/AuthConfigFactoryImpl done
Event: 235.599 Thread 0x00000000201c2800 Uncommon trap: trap_request=0xffffffa7 fr.pc=0x0000000004098b04
Event: 235.599 Thread 0x00000000201c2800 DEOPT PACKING pc=0x0000000004098b04 sp=0x000000002af6d170
Event: 235.599 Thread 0x00000000201c2800 DEOPT UNPACKING pc=0x00000000037e583b sp=0x000000002af6d068 mode 2


Dynamic libraries:
0x00007ff7c9680000 - 0x00007ff7c96b7000 	E:\Program\Java\jre1.8.0_211\bin\javaw.exe
0x00007ff887ac0000 - 0x00007ff887cb0000 	C:\Windows\SYSTEM32\ntdll.dll
0x00007ff886d20000 - 0x00007ff886dd2000 	C:\Windows\System32\KERNEL32.DLL
0x00007ff885860000 - 0x00007ff885b03000 	C:\Windows\System32\KERNELBASE.dll
0x00007ff887890000 - 0x00007ff887933000 	C:\Windows\System32\ADVAPI32.dll
0x00007ff887740000 - 0x00007ff8877de000 	C:\Windows\System32\msvcrt.dll
0x00007ff886120000 - 0x00007ff8861b7000 	C:\Windows\System32\sechost.dll
0x00007ff885ec0000 - 0x00007ff885fe0000 	C:\Windows\System32\RPCRT4.dll
0x00007ff886e60000 - 0x00007ff886ff3000 	C:\Windows\System32\USER32.dll
0x00007ff884ba0000 - 0x00007ff884bc1000 	C:\Windows\System32\win32u.dll
0x00007ff887000000 - 0x00007ff887026000 	C:\Windows\System32\GDI32.dll
0x00007ff884df0000 - 0x00007ff884f84000 	C:\Windows\System32\gdi32full.dll
0x00007ff884cd0000 - 0x00007ff884d6e000 	C:\Windows\System32\msvcp_win.dll
0x00007ff884a50000 - 0x00007ff884b4a000 	C:\Windows\System32\ucrtbase.dll
0x00007ff873a10000 - 0x00007ff873c95000 	C:\Windows\WinSxS\amd64_microsoft.windows.common-controls_6595b64144ccf1df_6.0.18362.295_none_e6c3acbd13101292\COMCTL32.dll
0x00007ff885b80000 - 0x00007ff885eb6000 	C:\Windows\System32\combase.dll
0x00007ff884d70000 - 0x00007ff884df0000 	C:\Windows\System32\bcryptPrimitives.dll
0x00007ff887710000 - 0x00007ff88773e000 	C:\Windows\System32\IMM32.DLL
0x00000000705e0000 - 0x00000000706b2000 	E:\Program\Java\jre1.8.0_211\bin\msvcr100.dll
0x0000000070a10000 - 0x00000000712b5000 	E:\Program\Java\jre1.8.0_211\bin\server\jvm.dll
0x00007ff885b70000 - 0x00007ff885b78000 	C:\Windows\System32\PSAPI.DLL
0x00007ff8717e0000 - 0x00007ff8717e9000 	C:\Windows\SYSTEM32\WSOCK32.dll
0x00007ff882a30000 - 0x00007ff882a54000 	C:\Windows\SYSTEM32\WINMM.dll
0x00007ff8874e0000 - 0x00007ff88754f000 	C:\Windows\System32\WS2_32.dll
0x00007ff8791e0000 - 0x00007ff8791ea000 	C:\Windows\SYSTEM32\VERSION.dll
0x00007ff882a00000 - 0x00007ff882a2d000 	C:\Windows\SYSTEM32\WINMMBASE.dll
0x00007ff884b50000 - 0x00007ff884b9a000 	C:\Windows\System32\cfgmgr32.dll
0x00007ff870970000 - 0x00007ff87097f000 	E:\Program\Java\jre1.8.0_211\bin\verify.dll
0x00007ff855570000 - 0x00007ff855599000 	E:\Program\Java\jre1.8.0_211\bin\java.dll
0x00007ff86da70000 - 0x00007ff86daa5000 	E:\Program\Java\jre1.8.0_211\bin\jdwp.dll
0x00007ff882b00000 - 0x00007ff882b08000 	E:\Program\Java\jre1.8.0_211\bin\npt.dll
0x00007ff855540000 - 0x00007ff855563000 	E:\Program\Java\jre1.8.0_211\bin\instrument.dll
0x00007ff862760000 - 0x00007ff862776000 	E:\Program\Java\jre1.8.0_211\bin\zip.dll
0x00007ff886630000 - 0x00007ff886d12000 	C:\Windows\System32\SHELL32.dll
0x00007ff8872a0000 - 0x00007ff887349000 	C:\Windows\System32\shcore.dll
0x00007ff884f90000 - 0x00007ff88570c000 	C:\Windows\System32\windows.storage.dll
0x00007ff884a30000 - 0x00007ff884a4f000 	C:\Windows\System32\profapi.dll
0x00007ff8849a0000 - 0x00007ff8849ea000 	C:\Windows\System32\powrprof.dll
0x00007ff884990000 - 0x00007ff8849a0000 	C:\Windows\System32\UMPDC.dll
0x00007ff8873b0000 - 0x00007ff887402000 	C:\Windows\System32\shlwapi.dll
0x00007ff8849f0000 - 0x00007ff884a01000 	C:\Windows\System32\kernel.appcore.dll
0x00007ff884c00000 - 0x00007ff884c17000 	C:\Windows\System32\cryptsp.dll
0x00007ff882ac0000 - 0x00007ff882ac9000 	E:\Program\Java\jre1.8.0_211\bin\dt_socket.dll
0x00007ff87e700000 - 0x00007ff87e716000 	C:\Windows\system32\napinsp.dll
0x00007ff87e6e0000 - 0x00007ff87e6fa000 	C:\Windows\system32\pnrpnsp.dll
0x00007ff884150000 - 0x00007ff8841b7000 	C:\Windows\System32\mswsock.dll
0x00007ff883eb0000 - 0x00007ff883f7a000 	C:\Windows\SYSTEM32\DNSAPI.dll
0x00007ff887700000 - 0x00007ff887708000 	C:\Windows\System32\NSI.dll
0x00007ff883e70000 - 0x00007ff883eaa000 	C:\Windows\SYSTEM32\IPHLPAPI.DLL
0x00007ff87edf0000 - 0x00007ff87edfe000 	C:\Windows\System32\winrnr.dll
0x00007ff881190000 - 0x00007ff8811ac000 	C:\Windows\system32\NLAapi.dll
0x00007ff87fc80000 - 0x00007ff87fc95000 	C:\Windows\system32\wshbth.dll
0x00007ff878d00000 - 0x00007ff878d77000 	C:\Windows\System32\fwpuclnt.dll
0x00007ff884bd0000 - 0x00007ff884bf6000 	C:\Windows\System32\bcrypt.dll
0x00007ff878dc0000 - 0x00007ff878dca000 	C:\Windows\System32\rasadhlp.dll
0x00007ff882a80000 - 0x00007ff882a8d000 	E:\Program\Java\jre1.8.0_211\bin\management.dll
0x00007ff85b180000 - 0x00007ff85b19a000 	E:\Program\Java\jre1.8.0_211\bin\net.dll
0x00007ff875a50000 - 0x00007ff875c26000 	C:\Windows\SYSTEM32\urlmon.dll
0x00007ff875fa0000 - 0x00007ff876246000 	C:\Windows\SYSTEM32\iertutil.dll
0x00007ff8842d0000 - 0x00007ff8842dc000 	C:\Windows\SYSTEM32\CRYPTBASE.DLL
0x00007ff85b160000 - 0x00007ff85b172000 	E:\Program\Java\jre1.8.0_211\bin\nio.dll
0x00007ff87e940000 - 0x00007ff87e964000 	E:\Program\Java\jre1.8.0_211\bin\sunec.dll
0x00007ff8791a0000 - 0x00007ff8791b6000 	C:\Windows\SYSTEM32\dhcpcsvc6.DLL
0x00007ff8790e0000 - 0x00007ff8790fc000 	C:\Windows\SYSTEM32\dhcpcsvc.DLL
0x00007ff883cd0000 - 0x00007ff883d03000 	C:\Windows\system32\rsaenh.dll
0x00007ff8848b0000 - 0x00007ff8848d5000 	C:\Windows\SYSTEM32\USERENV.dll

VM Arguments:
jvm_args: -agentlib:jdwp=transport=dt_socket,suspend=y,address=localhost:56539 -javaagent:E:\Program\jee-2019-06\eclipse\configuration\org.eclipse.osgi\430\0\.cp\lib\javaagent-shaded.jar -Dfile.encoding=UTF-8 
java_command: org.jeecg.JeecgApplication
java_class_path (initial): E:\Project\jeecg\jeecg-boot-master\jeecg-boot\jeecg-boot-module-system\target\classes;E:\Project\jeecg\jeecg-boot-master\jeecg-boot\jeecg-boot-base-common\target\classes;C:\Users\Ming\.m2\repository\org\activiti\activiti-engine\5.22.0\activiti-engine-5.22.0.jar;C:\Users\Ming\.m2\repository\org\activiti\activiti-bpmn-converter\5.22.0\activiti-bpmn-converter-5.22.0.jar;C:\Users\Ming\.m2\repository\org\activiti\activiti-bpmn-model\5.22.0\activiti-bpmn-model-5.22.0.jar;C:\Users\Ming\.m2\repository\org\activiti\activiti-process-validation\5.22.0\activiti-process-validation-5.22.0.jar;C:\Users\Ming\.m2\repository\org\activiti\activiti-image-generator\5.22.0\activiti-image-generator-5.22.0.jar;C:\Users\Ming\.m2\repository\org\apache\commons\commons-email\1.4\commons-email-1.4.jar;C:\Users\Ming\.m2\repository\javax\activation\activation\1.1.1\activation-1.1.1.jar;C:\Users\Ming\.m2\repository\org\apache\commons\commons-lang3\3.8.1\commons-lang3-3.8.1.jar;C:\Users\Ming\.m2\repository\org\springframework\spring-beans\5.1.5.RELEASE\spring-beans-5.1.5.RELEASE.jar;C:\Users\Ming\.m2\repository\joda-time\joda-time\2.10.1\joda-time-2.10.1.jar;C:\Users\Ming\.m2\repository\org\slf4j\slf4j-api\1.7.25\slf4j-api-1.7.25.jar;C:\Users\Ming\.m2\repository\org\slf4j\jcl-over-slf4j\1.7.25\jcl-over-slf4j-1.7.25.jar;C:\Users\Ming\.m2\repository\org\activiti\activiti-spring\5.22.0\activiti-spring-5.22.0.jar;C:\Users\Ming\.m2\repository\org\springframework\spring-context\5.1.5.RELEASE\spring-context-5.1.5.RELEASE.jar;C:\Users\Ming\.m2\repository\org\springframework\spring-expression\5.1.5.RELEASE\spring-expression-5.1.5.RELEASE.jar;C:\Users\Ming\.m2\repository\org\springframework\spring-jdbc\5.1.5.RELEASE\spring-jdbc-5.1.5.RELEASE.jar;C:\Users\Ming\.m2\repository\org\springframework\spring-tx\5.1.5.RELEASE\spring-tx-5.1.5.RELEASE.jar;C:\Users\Ming\.m2\repository\org\springframework\spring-orm\5.1.5.RELEASE\spring-orm-5.1.5.RELEASE.jar;C:\Users\Ming\.m2\repository\commo
Launcher Type: SUN_STANDARD

Environment Variables:
JAVA_HOME=E:\Program\Java\jdk1.8.0_211
JRE_HOME=E:\Program\Java\jre1.8.0_211
PATH=E:/Program/Java/jre1.8.0_211/bin/server;E:/Program/Java/jre1.8.0_211/bin;E:/Program/Java/jre1.8.0_211/lib/amd64;C:\Program Files (x86)\Common Files\Oracle\Java\javapath;C:\ProgramData\DockerDesktop\version-bin;C:\Program Files\Docker\Docker\Resources\bin;C:\Windows\system32;C:\Windows;C:\Windows\System32\Wbem;C:\Windows\System32\WindowsPowerShell\v1.0\;C:\Windows\System32\OpenSSH\;E:\Tools\PuTTY\;E:\Program\apache-maven-3.6.1\bin;E:\VCS\TortoiseSVN\bin;E:\VCS\Git\cmd;E:\Program\Java\jdk1.8.0_211\bin;E:\Program\zookeeper\bin;E:\Program\kafka\bin\windows;E:\Program\nodejs\;E:\Program\Yarn\bin\;E:\Program\Python27;E:\Program\Redis\;C:\Users\Ming\AppData\Roaming\npm;C:\Users\Ming\AppData\Local\Yarn\bin;;E:\Program\jee-2019-06\eclipse;
USERNAME=Ming
OS=Windows_NT
PROCESSOR_IDENTIFIER=Intel64 Family 6 Model 78 Stepping 3, GenuineIntel



---------------  S Y S T E M  ---------------

OS: Windows 10.0 , 64 bit Build 18362 (10.0.18362.86)

CPU:total 4 (initial active 4) (2 cores per cpu, 2 threads per core) family 6 model 78 stepping 3, cmov, cx8, fxsr, mmx, sse, sse2, sse3, ssse3, sse4.1, sse4.2, popcnt, avx, avx2, aes, clmul, erms, 3dnowpref, lzcnt, ht, tsc, tscinvbit, bmi1, bmi2, adx

Memory: 4k page, physical 8281888k(1037332k free), swap 8793888k(7016k free)

vm_info: Java HotSpot(TM) 64-Bit Server VM (25.211-b12) for windows-amd64 JRE (1.8.0_211-b12), built on Apr  1 2019 20:53:26 by "java_re" with MS VC++ 10.0 (VS2010)

time: Tue Aug 27 00:04:54 2019
timezone: 中国标准时间
elapsed time: 235 seconds (0d 0h 3m 55s)

